{"/home/travis/build/npmtest/node-npmtest-underscore.string/test.js":{"path":"/home/travis/build/npmtest/node-npmtest-underscore.string/test.js","s":{"1":2,"2":2,"3":2,"4":2,"5":2,"6":2,"7":2,"8":1,"9":2,"10":2,"11":1,"12":1,"13":1,"14":1,"15":2,"16":2,"17":2,"18":2,"19":1,"20":1,"21":2,"22":2,"23":2,"24":1,"25":1,"26":1,"27":1,"28":1,"29":1,"30":1,"31":1,"32":1,"33":1,"34":1,"35":1,"36":1,"37":2,"38":2,"39":1,"40":2,"41":2,"42":1,"43":2,"44":2,"45":1,"46":2,"47":2,"48":1,"49":1,"50":1,"51":1,"52":1},"b":{"1":[2,1,1,1],"2":[1,1,1,1],"3":[1,1],"4":[1,1],"5":[1,1],"6":[1,1],"7":[1,1],"8":[1,1],"9":[1,1,1],"10":[1,1],"11":[1,1],"12":[1,1],"13":[1,1],"14":[1,1],"15":[1,1],"16":[1,1]},"f":{"1":2,"2":2,"3":2,"4":2,"5":2,"6":1,"7":1,"8":2,"9":2,"10":2,"11":2,"12":1},"fnMap":{"1":{"name":"(anonymous_1)","line":12,"loc":{"start":{"line":12,"column":1},"end":{"line":12,"column":13}}},"2":{"name":"(anonymous_2)","line":19,"loc":{"start":{"line":19,"column":5},"end":{"line":19,"column":17}}},"3":{"name":"(anonymous_3)","line":23,"loc":{"start":{"line":23,"column":24},"end":{"line":23,"column":36}}},"4":{"name":"(anonymous_4)","line":61,"loc":{"start":{"line":61,"column":5},"end":{"line":61,"column":17}}},"5":{"name":"(anonymous_5)","line":82,"loc":{"start":{"line":82,"column":5},"end":{"line":82,"column":17}}},"6":{"name":"(anonymous_6)","line":102,"loc":{"start":{"line":102,"column":83},"end":{"line":105,"column":10}},"skip":true},"7":{"name":"(anonymous_7)","line":113,"loc":{"start":{"line":113,"column":77},"end":{"line":116,"column":10}},"skip":true},"8":{"name":"(anonymous_8)","line":129,"loc":{"start":{"line":129,"column":12},"end":{"line":129,"column":40}},"skip":true},"9":{"name":"(anonymous_9)","line":137,"loc":{"start":{"line":137,"column":77},"end":{"line":140,"column":10}},"skip":true},"10":{"name":"(anonymous_10)","line":148,"loc":{"start":{"line":148,"column":83},"end":{"line":151,"column":10}},"skip":true},"11":{"name":"(anonymous_11)","line":159,"loc":{"start":{"line":159,"column":79},"end":{"line":162,"column":10}},"skip":true},"12":{"name":"(anonymous_12)","line":170,"loc":{"start":{"line":170,"column":75},"end":{"line":173,"column":10}},"skip":true}},"statementMap":{"1":{"start":{"line":12,"column":0},"end":{"line":185,"column":5}},"2":{"start":{"line":14,"column":4},"end":{"line":14,"column":14}},"3":{"start":{"line":19,"column":4},"end":{"line":56,"column":9}},"4":{"start":{"line":21,"column":8},"end":{"line":21,"column":19}},"5":{"start":{"line":23,"column":8},"end":{"line":35,"column":13}},"6":{"start":{"line":24,"column":12},"end":{"line":34,"column":13}},"7":{"start":{"line":25,"column":16},"end":{"line":28,"column":30}},"8":{"start":{"line":30,"column":16},"end":{"line":33,"column":27}},"9":{"start":{"line":37,"column":8},"end":{"line":39,"column":21}},"10":{"start":{"line":40,"column":8},"end":{"line":53,"column":9}},"11":{"start":{"line":43,"column":12},"end":{"line":46,"column":14}},"12":{"start":{"line":47,"column":12},"end":{"line":47,"column":18}},"13":{"start":{"line":50,"column":12},"end":{"line":51,"column":46}},"14":{"start":{"line":52,"column":12},"end":{"line":52,"column":18}},"15":{"start":{"line":55,"column":8},"end":{"line":55,"column":35}},"16":{"start":{"line":61,"column":4},"end":{"line":63,"column":9}},"17":{"start":{"line":62,"column":8},"end":{"line":62,"column":15}},"18":{"start":{"line":64,"column":4},"end":{"line":77,"column":5}},"19":{"start":{"line":70,"column":8},"end":{"line":70,"column":14}},"20":{"start":{"line":76,"column":8},"end":{"line":76,"column":14}},"21":{"start":{"line":82,"column":4},"end":{"line":84,"column":9}},"22":{"start":{"line":83,"column":8},"end":{"line":83,"column":15}},"23":{"start":{"line":85,"column":4},"end":{"line":184,"column":5}},"24":{"start":{"line":92,"column":8},"end":{"line":94,"column":63}},"25":{"start":{"line":95,"column":8},"end":{"line":95,"column":14}},"26":{"start":{"line":102,"column":8},"end":{"line":111,"column":10},"skip":true},"27":{"start":{"line":109,"column":12},"end":{"line":109,"column":55},"skip":true},"28":{"start":{"line":110,"column":12},"end":{"line":110,"column":48},"skip":true},"29":{"start":{"line":113,"column":8},"end":{"line":126,"column":10},"skip":true},"30":{"start":{"line":120,"column":12},"end":{"line":120,"column":76},"skip":true},"31":{"start":{"line":121,"column":12},"end":{"line":121,"column":73},"skip":true},"32":{"start":{"line":122,"column":12},"end":{"line":122,"column":74},"skip":true},"33":{"start":{"line":123,"column":12},"end":{"line":123,"column":79},"skip":true},"34":{"start":{"line":124,"column":12},"end":{"line":124,"column":25},"skip":true},"35":{"start":{"line":125,"column":12},"end":{"line":125,"column":45},"skip":true},"36":{"start":{"line":128,"column":8},"end":{"line":135,"column":14},"skip":true},"37":{"start":{"line":133,"column":16},"end":{"line":133,"column":29},"skip":true},"38":{"start":{"line":134,"column":16},"end":{"line":134,"column":55},"skip":true},"39":{"start":{"line":137,"column":8},"end":{"line":146,"column":10},"skip":true},"40":{"start":{"line":144,"column":12},"end":{"line":144,"column":25},"skip":true},"41":{"start":{"line":145,"column":12},"end":{"line":145,"column":45},"skip":true},"42":{"start":{"line":148,"column":8},"end":{"line":157,"column":10},"skip":true},"43":{"start":{"line":155,"column":12},"end":{"line":155,"column":25},"skip":true},"44":{"start":{"line":156,"column":12},"end":{"line":156,"column":48},"skip":true},"45":{"start":{"line":159,"column":8},"end":{"line":168,"column":10},"skip":true},"46":{"start":{"line":166,"column":12},"end":{"line":166,"column":25},"skip":true},"47":{"start":{"line":167,"column":12},"end":{"line":167,"column":46},"skip":true},"48":{"start":{"line":170,"column":8},"end":{"line":179,"column":10},"skip":true},"49":{"start":{"line":177,"column":12},"end":{"line":177,"column":94},"skip":true},"50":{"start":{"line":178,"column":12},"end":{"line":178,"column":48},"skip":true},"51":{"start":{"line":182,"column":8},"end":{"line":182,"column":35},"skip":true},"52":{"start":{"line":183,"column":8},"end":{"line":183,"column":14},"skip":true}},"branchMap":{"1":{"line":25,"type":"binary-expr","locations":[{"start":{"line":25,"column":23},"end":{"line":25,"column":62}},{"start":{"line":26,"column":20},"end":{"line":26,"column":70}},{"start":{"line":27,"column":20},"end":{"line":27,"column":71}},{"start":{"line":28,"column":20},"end":{"line":28,"column":29}}]},"2":{"line":30,"type":"binary-expr","locations":[{"start":{"line":30,"column":23},"end":{"line":30,"column":37}},{"start":{"line":31,"column":20},"end":{"line":31,"column":61}},{"start":{"line":32,"column":20},"end":{"line":32,"column":70}},{"start":{"line":33,"column":20},"end":{"line":33,"column":26}}]},"3":{"line":37,"type":"cond-expr","locations":[{"start":{"line":38,"column":14},"end":{"line":38,"column":20}},{"start":{"line":39,"column":14},"end":{"line":39,"column":20}}]},"4":{"line":40,"type":"switch","locations":[{"start":{"line":42,"column":8},"end":{"line":47,"column":18}},{"start":{"line":49,"column":8},"end":{"line":52,"column":18}}]},"5":{"line":44,"type":"binary-expr","locations":[{"start":{"line":44,"column":16},"end":{"line":44,"column":44}},{"start":{"line":44,"column":48},"end":{"line":44,"column":66}}]},"6":{"line":50,"type":"binary-expr","locations":[{"start":{"line":50,"column":21},"end":{"line":50,"column":49}},{"start":{"line":50,"column":53},"end":{"line":50,"column":72}}]},"7":{"line":64,"type":"switch","locations":[{"start":{"line":69,"column":4},"end":{"line":70,"column":14}},{"start":{"line":75,"column":4},"end":{"line":76,"column":14}}]},"8":{"line":85,"type":"switch","locations":[{"start":{"line":90,"column":4},"end":{"line":95,"column":14}},{"start":{"line":101,"column":4},"end":{"line":183,"column":14},"skip":true}]},"9":{"line":92,"type":"binary-expr","locations":[{"start":{"line":92,"column":18},"end":{"line":92,"column":32}},{"start":{"line":93,"column":12},"end":{"line":93,"column":53}},{"start":{"line":94,"column":12},"end":{"line":94,"column":61}}]},"10":{"line":102,"type":"binary-expr","locations":[{"start":{"line":102,"column":45},"end":{"line":102,"column":79},"skip":true},{"start":{"line":102,"column":83},"end":{"line":111,"column":9},"skip":true}]},"11":{"line":113,"type":"binary-expr","locations":[{"start":{"line":113,"column":42},"end":{"line":113,"column":73},"skip":true},{"start":{"line":113,"column":77},"end":{"line":126,"column":9},"skip":true}]},"12":{"line":128,"type":"binary-expr","locations":[{"start":{"line":128,"column":48},"end":{"line":128,"column":85},"skip":true},{"start":{"line":129,"column":12},"end":{"line":135,"column":13},"skip":true}]},"13":{"line":137,"type":"binary-expr","locations":[{"start":{"line":137,"column":42},"end":{"line":137,"column":73},"skip":true},{"start":{"line":137,"column":77},"end":{"line":146,"column":9},"skip":true}]},"14":{"line":148,"type":"binary-expr","locations":[{"start":{"line":148,"column":45},"end":{"line":148,"column":79},"skip":true},{"start":{"line":148,"column":83},"end":{"line":157,"column":9},"skip":true}]},"15":{"line":159,"type":"binary-expr","locations":[{"start":{"line":159,"column":43},"end":{"line":159,"column":75},"skip":true},{"start":{"line":159,"column":79},"end":{"line":168,"column":9},"skip":true}]},"16":{"line":170,"type":"binary-expr","locations":[{"start":{"line":170,"column":41},"end":{"line":170,"column":71},"skip":true},{"start":{"line":170,"column":75},"end":{"line":179,"column":9},"skip":true}]}},"code":["/* istanbul instrument in package npmtest_underscore_string */","/*jslint","    bitwise: true,","    browser: true,","    maxerr: 8,","    maxlen: 96,","    node: true,","    nomen: true,","    regexp: true,","    stupid: true","*/","(function () {","    'use strict';","    var local;","","","","    // run shared js-env code - pre-init","    (function () {","        // init local","        local = {};","        // init modeJs","        local.modeJs = (function () {","            try {","                return typeof navigator.userAgent === 'string' &&","                    typeof document.querySelector('body') === 'object' &&","                    typeof XMLHttpRequest.prototype.open === 'function' &&","                    'browser';","            } catch (errorCaughtBrowser) {","                return module.exports &&","                    typeof process.versions.node === 'string' &&","                    typeof require('http').createServer === 'function' &&","                    'node';","            }","        }());","        // init global","        local.global = local.modeJs === 'browser'","            ? window","            : global;","        switch (local.modeJs) {","        // re-init local from window.local","        case 'browser':","            local = local.global.utility2.objectSetDefault(","                local.global.utility2_rollup || local.global.local,","                local.global.utility2","            );","            break;","        // re-init local from example.js","        case 'node':","            local = (local.global.utility2_rollup || require('utility2'))","                .requireExampleJsFromReadme();","            break;","        }","        // export local","        local.global.local = local;","    }());","","","","    // run shared js-env code - function","    (function () {","        return;","    }());","    switch (local.modeJs) {","","","","    // run browser js-env code - function","    case 'browser':","        break;","","","","    // run node js-env code - function","    case 'node':","        break;","    }","","","","    // run shared js-env code - post-init","    (function () {","        return;","    }());","    switch (local.modeJs) {","","","","    // run browser js-env code - post-init","    case 'browser':","        // run tests","        local.nop(local.modeTest &&","            document.querySelector('#testRunButton1') &&","            document.querySelector('#testRunButton1').click());","        break;","","","","    // run node js-env code - post-init","    /* istanbul ignore next */","    case 'node':","        local.testCase_buildApidoc_default = local.testCase_buildApidoc_default || function (","            options,","            onError","        ) {","        /*","         * this function will test buildApidoc's default handling-behavior-behavior","         */","            options = { modulePathList: module.paths };","            local.buildApidoc(options, onError);","        };","","        local.testCase_buildApp_default = local.testCase_buildApp_default || function (","            options,","            onError","        ) {","        /*","         * this function will test buildApp's default handling-behavior-behavior","         */","            local.testCase_buildReadme_default(options, local.onErrorThrow);","            local.testCase_buildLib_default(options, local.onErrorThrow);","            local.testCase_buildTest_default(options, local.onErrorThrow);","            local.testCase_buildCustomOrg_default(options, local.onErrorThrow);","            options = [];","            local.buildApp(options, onError);","        };","","        local.testCase_buildCustomOrg_default = local.testCase_buildCustomOrg_default ||","            function (options, onError) {","            /*","             * this function will test buildCustomOrg's default handling-behavior","             */","                options = {};","                local.buildCustomOrg(options, onError);","            };","","        local.testCase_buildLib_default = local.testCase_buildLib_default || function (","            options,","            onError","        ) {","        /*","         * this function will test buildLib's default handling-behavior","         */","            options = {};","            local.buildLib(options, onError);","        };","","        local.testCase_buildReadme_default = local.testCase_buildReadme_default || function (","            options,","            onError","        ) {","        /*","         * this function will test buildReadme's default handling-behavior-behavior","         */","            options = {};","            local.buildReadme(options, onError);","        };","","        local.testCase_buildTest_default = local.testCase_buildTest_default || function (","            options,","            onError","        ) {","        /*","         * this function will test buildTest's default handling-behavior","         */","            options = {};","            local.buildTest(options, onError);","        };","","        local.testCase_webpage_default = local.testCase_webpage_default || function (","            options,","            onError","        ) {","        /*","         * this function will test webpage's default handling-behavior","         */","            options = { modeCoverageMerge: true, url: local.serverLocalHost + '?modeTest=1' };","            local.browserTest(options, onError);","        };","","        // run test-server","        local.testRunServer(local);","        break;","    }","}());",""],"l":{"12":2,"14":2,"19":2,"21":2,"23":2,"24":2,"25":2,"30":1,"37":2,"40":2,"43":1,"47":1,"50":1,"52":1,"55":2,"61":2,"62":2,"64":2,"70":1,"76":1,"82":2,"83":2,"85":2,"92":1,"95":1,"102":1,"109":1,"110":1,"113":1,"120":1,"121":1,"122":1,"123":1,"124":1,"125":1,"128":1,"133":2,"134":2,"137":1,"144":2,"145":2,"148":1,"155":2,"156":2,"159":1,"166":2,"167":2,"170":1,"177":1,"178":1,"182":1,"183":1}},"/home/travis/build/npmtest/node-npmtest-underscore.string/lib.npmtest_underscore.string.js":{"path":"/home/travis/build/npmtest/node-npmtest-underscore.string/lib.npmtest_underscore.string.js","s":{"1":2,"2":2,"3":2,"4":2,"5":2,"6":2,"7":2,"8":1,"9":2,"10":2,"11":2,"12":2,"13":1,"14":1,"15":1,"16":1},"b":{"1":[2,1,1,1],"2":[1,1,1,1],"3":[1,1],"4":[2,2],"5":[1,1]},"f":{"1":2,"2":2,"3":2},"fnMap":{"1":{"name":"(anonymous_1)","line":12,"loc":{"start":{"line":12,"column":1},"end":{"line":12,"column":13}}},"2":{"name":"(anonymous_2)","line":19,"loc":{"start":{"line":19,"column":5},"end":{"line":19,"column":17}}},"3":{"name":"(anonymous_3)","line":23,"loc":{"start":{"line":23,"column":24},"end":{"line":23,"column":36}}}},"statementMap":{"1":{"start":{"line":12,"column":0},"end":{"line":53,"column":5}},"2":{"start":{"line":14,"column":4},"end":{"line":14,"column":14}},"3":{"start":{"line":19,"column":4},"end":{"line":52,"column":9}},"4":{"start":{"line":21,"column":8},"end":{"line":21,"column":19}},"5":{"start":{"line":23,"column":8},"end":{"line":35,"column":13}},"6":{"start":{"line":24,"column":12},"end":{"line":34,"column":13}},"7":{"start":{"line":25,"column":16},"end":{"line":28,"column":30}},"8":{"start":{"line":30,"column":16},"end":{"line":33,"column":27}},"9":{"start":{"line":37,"column":8},"end":{"line":39,"column":21}},"10":{"start":{"line":41,"column":8},"end":{"line":41,"column":54}},"11":{"start":{"line":43,"column":8},"end":{"line":43,"column":62}},"12":{"start":{"line":45,"column":8},"end":{"line":51,"column":9}},"13":{"start":{"line":46,"column":12},"end":{"line":46,"column":68}},"14":{"start":{"line":48,"column":12},"end":{"line":48,"column":35}},"15":{"start":{"line":49,"column":12},"end":{"line":49,"column":49}},"16":{"start":{"line":50,"column":12},"end":{"line":50,"column":43}}},"branchMap":{"1":{"line":25,"type":"binary-expr","locations":[{"start":{"line":25,"column":23},"end":{"line":25,"column":62}},{"start":{"line":26,"column":20},"end":{"line":26,"column":70}},{"start":{"line":27,"column":20},"end":{"line":27,"column":71}},{"start":{"line":28,"column":20},"end":{"line":28,"column":29}}]},"2":{"line":30,"type":"binary-expr","locations":[{"start":{"line":30,"column":23},"end":{"line":30,"column":37}},{"start":{"line":31,"column":20},"end":{"line":31,"column":61}},{"start":{"line":32,"column":20},"end":{"line":32,"column":70}},{"start":{"line":33,"column":20},"end":{"line":33,"column":26}}]},"3":{"line":37,"type":"cond-expr","locations":[{"start":{"line":38,"column":14},"end":{"line":38,"column":20}},{"start":{"line":39,"column":14},"end":{"line":39,"column":20}}]},"4":{"line":41,"type":"binary-expr","locations":[{"start":{"line":41,"column":16},"end":{"line":41,"column":44}},{"start":{"line":41,"column":48},"end":{"line":41,"column":53}}]},"5":{"line":45,"type":"if","locations":[{"start":{"line":45,"column":8},"end":{"line":45,"column":8}},{"start":{"line":45,"column":8},"end":{"line":45,"column":8}}]}},"code":["/* istanbul instrument in package npmtest_underscore_string */","/*jslint","    bitwise: true,","    browser: true,","    maxerr: 8,","    maxlen: 96,","    node: true,","    nomen: true,","    regexp: true,","    stupid: true","*/","(function () {","    'use strict';","    var local;","","","","    // run shared js-env code - pre-init","    (function () {","        // init local","        local = {};","        // init modeJs","        local.modeJs = (function () {","            try {","                return typeof navigator.userAgent === 'string' &&","                    typeof document.querySelector('body') === 'object' &&","                    typeof XMLHttpRequest.prototype.open === 'function' &&","                    'browser';","            } catch (errorCaughtBrowser) {","                return module.exports &&","                    typeof process.versions.node === 'string' &&","                    typeof require('http').createServer === 'function' &&","                    'node';","            }","        }());","        // init global","        local.global = local.modeJs === 'browser'","            ? window","            : global;","        // init utility2_rollup","        local = local.global.utility2_rollup || local;","        // init lib","        local.local = local.npmtest_underscore_string = local;","        // init exports","        if (local.modeJs === 'browser') {","            local.global.utility2_npmtest_underscore_string = local;","        } else {","            module.exports = local;","            module.exports.__dirname = __dirname;","            module.exports.module = module;","        }","    }());","}());",""],"l":{"12":2,"14":2,"19":2,"21":2,"23":2,"24":2,"25":2,"30":1,"37":2,"41":2,"43":2,"45":2,"46":1,"48":1,"49":1,"50":1}},"/home/travis/build/npmtest/node-npmtest-underscore.string/example.js":{"path":"/home/travis/build/npmtest/node-npmtest-underscore.string/example.js","s":{"1":2,"2":2,"3":2,"4":2,"5":2,"6":2,"7":2,"8":1,"9":2,"10":2,"11":2,"12":2,"13":1,"14":2,"15":2,"16":2,"17":2,"18":2,"19":0,"20":2,"21":1,"22":1,"23":1,"24":1,"25":1,"26":0,"27":0,"28":1,"29":1,"30":2,"31":0,"32":0,"33":0,"34":1,"35":2,"36":2,"37":2,"38":2,"39":2,"40":2,"41":0,"42":2,"43":2,"44":2,"45":1,"46":3,"47":1,"48":1,"49":1,"50":1,"51":1,"52":1,"53":1,"54":1,"55":1,"56":1,"57":0,"58":1,"59":6,"60":6,"61":1,"62":2,"63":0,"64":2,"65":1,"66":1,"67":0,"68":0,"69":0,"70":0,"71":0,"72":0,"73":0,"74":0,"75":0,"76":0,"77":0,"78":0,"79":0,"80":0,"81":0,"82":0,"83":0},"b":{"1":[2,1,1,1],"2":[1,1,1,1],"3":[1,1],"4":[2,2],"5":[1,1],"6":[1,1],"7":[2,0],"8":[2,1,1,1,1,1],"9":[0,2,0],"10":[1,1],"11":[2,1,1],"12":[1,0],"13":[0,2],"14":[2,0,0,0,0,0,0],"15":[0,2],"16":[2,0],"17":[1,1],"18":[0,1],"19":[1,2,0,2],"20":[1,0],"21":[1,1],"22":[0,0],"23":[0,0],"24":[0,0],"25":[0,0],"26":[0,0],"27":[0,0],"28":[0,0]},"f":{"1":2,"2":2,"3":2,"4":2,"5":2,"6":2,"7":2,"8":2,"9":3,"10":1,"11":6,"12":0},"fnMap":{"1":{"name":"(anonymous_1)","line":26,"loc":{"start":{"line":26,"column":1},"end":{"line":26,"column":13}}},"2":{"name":"(anonymous_2)","line":33,"loc":{"start":{"line":33,"column":5},"end":{"line":33,"column":17}}},"3":{"name":"(anonymous_3)","line":37,"loc":{"start":{"line":37,"column":24},"end":{"line":37,"column":36}}},"4":{"name":"(anonymous_4)","line":69,"loc":{"start":{"line":69,"column":31},"end":{"line":69,"column":48}},"skip":true},"5":{"name":"(anonymous_5)","line":78,"loc":{"start":{"line":78,"column":26},"end":{"line":78,"column":45}},"skip":true},"6":{"name":"(anonymous_6)","line":123,"loc":{"start":{"line":123,"column":33},"end":{"line":123,"column":48}},"skip":true},"7":{"name":"(anonymous_7)","line":125,"loc":{"start":{"line":125,"column":27},"end":{"line":125,"column":39}},"skip":true},"8":{"name":"(anonymous_8)","line":133,"loc":{"start":{"line":133,"column":59},"end":{"line":133,"column":74}},"skip":true},"9":{"name":"(anonymous_9)","line":143,"loc":{"start":{"line":143,"column":45},"end":{"line":143,"column":62}},"skip":true},"10":{"name":"(anonymous_10)","line":144,"loc":{"start":{"line":144,"column":73},"end":{"line":144,"column":92}},"skip":true},"11":{"name":"(anonymous_11)","line":272,"loc":{"start":{"line":272,"column":51},"end":{"line":272,"column":77}},"skip":true},"12":{"name":"(anonymous_12)","line":314,"loc":{"start":{"line":314,"column":32},"end":{"line":314,"column":61}},"skip":true}},"statementMap":{"1":{"start":{"line":26,"column":0},"end":{"line":325,"column":5}},"2":{"start":{"line":28,"column":4},"end":{"line":28,"column":14}},"3":{"start":{"line":33,"column":4},"end":{"line":60,"column":9}},"4":{"start":{"line":35,"column":8},"end":{"line":35,"column":19}},"5":{"start":{"line":37,"column":8},"end":{"line":49,"column":13}},"6":{"start":{"line":38,"column":12},"end":{"line":48,"column":13}},"7":{"start":{"line":39,"column":16},"end":{"line":42,"column":30}},"8":{"start":{"line":44,"column":16},"end":{"line":47,"column":27}},"9":{"start":{"line":51,"column":8},"end":{"line":53,"column":21}},"10":{"start":{"line":55,"column":8},"end":{"line":57,"column":45}},"11":{"start":{"line":59,"column":8},"end":{"line":59,"column":35}},"12":{"start":{"line":61,"column":4},"end":{"line":324,"column":5}},"13":{"start":{"line":69,"column":8},"end":{"line":121,"column":10},"skip":true},"14":{"start":{"line":70,"column":12},"end":{"line":88,"column":13},"skip":true},"15":{"start":{"line":76,"column":16},"end":{"line":87,"column":19},"skip":true},"16":{"start":{"line":79,"column":20},"end":{"line":86,"column":21},"skip":true},"17":{"start":{"line":82,"column":24},"end":{"line":82,"column":43},"skip":true},"18":{"start":{"line":83,"column":24},"end":{"line":83,"column":30},"skip":true},"19":{"start":{"line":85,"column":24},"end":{"line":85,"column":49},"skip":true},"20":{"start":{"line":89,"column":12},"end":{"line":107,"column":13},"skip":true},"21":{"start":{"line":92,"column":16},"end":{"line":102,"column":17},"skip":true},"22":{"start":{"line":93,"column":20},"end":{"line":93,"column":86},"skip":true},"23":{"start":{"line":94,"column":20},"end":{"line":95,"column":45},"skip":true},"24":{"start":{"line":96,"column":20},"end":{"line":96,"column":42},"skip":true},"25":{"start":{"line":97,"column":20},"end":{"line":97,"column":48},"skip":true},"26":{"start":{"line":100,"column":20},"end":{"line":100,"column":85},"skip":true},"27":{"start":{"line":101,"column":20},"end":{"line":101,"column":96},"skip":true},"28":{"start":{"line":103,"column":16},"end":{"line":103,"column":22},"skip":true},"29":{"start":{"line":106,"column":16},"end":{"line":106,"column":22},"skip":true},"30":{"start":{"line":108,"column":12},"end":{"line":120,"column":13},"skip":true},"31":{"start":{"line":114,"column":16},"end":{"line":119,"column":17},"skip":true},"32":{"start":{"line":116,"column":20},"end":{"line":116,"column":78},"skip":true},"33":{"start":{"line":118,"column":20},"end":{"line":118,"column":47},"skip":true},"34":{"start":{"line":123,"column":8},"end":{"line":141,"column":11},"skip":true},"35":{"start":{"line":124,"column":12},"end":{"line":124,"column":54},"skip":true},"36":{"start":{"line":125,"column":12},"end":{"line":140,"column":14},"skip":true},"37":{"start":{"line":126,"column":16},"end":{"line":126,"column":28},"skip":true},"38":{"start":{"line":127,"column":16},"end":{"line":127,"column":69},"skip":true},"39":{"start":{"line":128,"column":16},"end":{"line":128,"column":75},"skip":true},"40":{"start":{"line":129,"column":16},"end":{"line":131,"column":17},"skip":true},"41":{"start":{"line":130,"column":20},"end":{"line":130,"column":27},"skip":true},"42":{"start":{"line":133,"column":16},"end":{"line":137,"column":36},"skip":true},"43":{"start":{"line":134,"column":20},"end":{"line":136,"column":55},"skip":true},"44":{"start":{"line":139,"column":16},"end":{"line":139,"column":57},"skip":true},"45":{"start":{"line":143,"column":8},"end":{"line":147,"column":11},"skip":true},"46":{"start":{"line":144,"column":12},"end":{"line":146,"column":15},"skip":true},"47":{"start":{"line":145,"column":16},"end":{"line":145,"column":70},"skip":true},"48":{"start":{"line":149,"column":8},"end":{"line":149,"column":31},"skip":true},"49":{"start":{"line":150,"column":8},"end":{"line":150,"column":14},"skip":true},"50":{"start":{"line":158,"column":8},"end":{"line":158,"column":31},"skip":true},"51":{"start":{"line":160,"column":8},"end":{"line":160,"column":33},"skip":true},"52":{"start":{"line":161,"column":8},"end":{"line":161,"column":37},"skip":true},"53":{"start":{"line":162,"column":8},"end":{"line":162,"column":35},"skip":true},"54":{"start":{"line":164,"column":8},"end":{"line":164,"column":50},"skip":true},"55":{"start":{"line":166,"column":8},"end":{"line":256,"column":2},"skip":true},"56":{"start":{"line":258,"column":8},"end":{"line":286,"column":9},"skip":true},"57":{"start":{"line":259,"column":12},"end":{"line":269,"column":14},"skip":true},"58":{"start":{"line":271,"column":12},"end":{"line":285,"column":19},"skip":true},"59":{"start":{"line":274,"column":20},"end":{"line":274,"column":35},"skip":true},"60":{"start":{"line":275,"column":20},"end":{"line":284,"column":21},"skip":true},"61":{"start":{"line":277,"column":24},"end":{"line":277,"column":64},"skip":true},"62":{"start":{"line":279,"column":24},"end":{"line":279,"column":40},"skip":true},"63":{"start":{"line":281,"column":24},"end":{"line":281,"column":40},"skip":true},"64":{"start":{"line":283,"column":24},"end":{"line":283,"column":39},"skip":true},"65":{"start":{"line":288,"column":8},"end":{"line":290,"column":9},"skip":true},"66":{"start":{"line":289,"column":12},"end":{"line":289,"column":18},"skip":true},"67":{"start":{"line":291,"column":8},"end":{"line":293,"column":54},"skip":true},"68":{"start":{"line":294,"column":8},"end":{"line":301,"column":37},"skip":true},"69":{"start":{"line":302,"column":8},"end":{"line":302,"column":82},"skip":true},"70":{"start":{"line":305,"column":8},"end":{"line":307,"column":9},"skip":true},"71":{"start":{"line":306,"column":12},"end":{"line":306,"column":82},"skip":true},"72":{"start":{"line":309,"column":8},"end":{"line":311,"column":9},"skip":true},"73":{"start":{"line":310,"column":12},"end":{"line":310,"column":18},"skip":true},"74":{"start":{"line":312,"column":8},"end":{"line":312,"column":54},"skip":true},"75":{"start":{"line":313,"column":8},"end":{"line":313,"column":69},"skip":true},"76":{"start":{"line":314,"column":8},"end":{"line":322,"column":36},"skip":true},"77":{"start":{"line":315,"column":12},"end":{"line":315,"column":61},"skip":true},"78":{"start":{"line":316,"column":12},"end":{"line":319,"column":13},"skip":true},"79":{"start":{"line":317,"column":16},"end":{"line":317,"column":75},"skip":true},"80":{"start":{"line":318,"column":16},"end":{"line":318,"column":23},"skip":true},"81":{"start":{"line":320,"column":12},"end":{"line":320,"column":38},"skip":true},"82":{"start":{"line":321,"column":12},"end":{"line":321,"column":27},"skip":true},"83":{"start":{"line":323,"column":8},"end":{"line":323,"column":14},"skip":true}},"branchMap":{"1":{"line":39,"type":"binary-expr","locations":[{"start":{"line":39,"column":23},"end":{"line":39,"column":62}},{"start":{"line":40,"column":20},"end":{"line":40,"column":70}},{"start":{"line":41,"column":20},"end":{"line":41,"column":71}},{"start":{"line":42,"column":20},"end":{"line":42,"column":29}}]},"2":{"line":44,"type":"binary-expr","locations":[{"start":{"line":44,"column":23},"end":{"line":44,"column":37}},{"start":{"line":45,"column":20},"end":{"line":45,"column":61}},{"start":{"line":46,"column":20},"end":{"line":46,"column":70}},{"start":{"line":47,"column":20},"end":{"line":47,"column":26}}]},"3":{"line":51,"type":"cond-expr","locations":[{"start":{"line":52,"column":14},"end":{"line":52,"column":20}},{"start":{"line":53,"column":14},"end":{"line":53,"column":20}}]},"4":{"line":55,"type":"binary-expr","locations":[{"start":{"line":55,"column":16},"end":{"line":55,"column":44}},{"start":{"line":55,"column":49},"end":{"line":57,"column":43}}]},"5":{"line":55,"type":"cond-expr","locations":[{"start":{"line":56,"column":14},"end":{"line":56,"column":61}},{"start":{"line":57,"column":14},"end":{"line":57,"column":43}}]},"6":{"line":61,"type":"switch","locations":[{"start":{"line":68,"column":4},"end":{"line":150,"column":14},"skip":true},{"start":{"line":156,"column":4},"end":{"line":323,"column":14},"skip":true}]},"7":{"line":70,"type":"if","locations":[{"start":{"line":70,"column":12},"end":{"line":70,"column":12},"skip":true},{"start":{"line":70,"column":12},"end":{"line":70,"column":12},"skip":true}]},"8":{"line":70,"type":"binary-expr","locations":[{"start":{"line":70,"column":16},"end":{"line":70,"column":22},"skip":true},{"start":{"line":70,"column":27},"end":{"line":70,"column":32},"skip":true},{"start":{"line":71,"column":20},"end":{"line":71,"column":39},"skip":true},{"start":{"line":72,"column":20},"end":{"line":72,"column":49},"skip":true},{"start":{"line":73,"column":20},"end":{"line":73,"column":58},"skip":true},{"start":{"line":74,"column":20},"end":{"line":74,"column":69},"skip":true}]},"9":{"line":79,"type":"switch","locations":[{"start":{"line":80,"column":20},"end":{"line":80,"column":33},"skip":true},{"start":{"line":81,"column":20},"end":{"line":83,"column":30},"skip":true},{"start":{"line":84,"column":20},"end":{"line":85,"column":49},"skip":true}]},"10":{"line":89,"type":"switch","locations":[{"start":{"line":90,"column":12},"end":{"line":103,"column":22},"skip":true},{"start":{"line":105,"column":12},"end":{"line":106,"column":22},"skip":true}]},"11":{"line":89,"type":"binary-expr","locations":[{"start":{"line":89,"column":20},"end":{"line":89,"column":25},"skip":true},{"start":{"line":89,"column":29},"end":{"line":89,"column":48},"skip":true},{"start":{"line":89,"column":52},"end":{"line":89,"column":74},"skip":true}]},"12":{"line":92,"type":"if","locations":[{"start":{"line":92,"column":16},"end":{"line":92,"column":16},"skip":true},{"start":{"line":92,"column":16},"end":{"line":92,"column":16},"skip":true}]},"13":{"line":108,"type":"if","locations":[{"start":{"line":108,"column":12},"end":{"line":108,"column":12},"skip":true},{"start":{"line":108,"column":12},"end":{"line":108,"column":12},"skip":true}]},"14":{"line":108,"type":"binary-expr","locations":[{"start":{"line":108,"column":16},"end":{"line":108,"column":61},"skip":true},{"start":{"line":108,"column":66},"end":{"line":108,"column":72},"skip":true},{"start":{"line":108,"column":77},"end":{"line":108,"column":82},"skip":true},{"start":{"line":109,"column":20},"end":{"line":109,"column":39},"skip":true},{"start":{"line":110,"column":20},"end":{"line":110,"column":49},"skip":true},{"start":{"line":111,"column":20},"end":{"line":111,"column":58},"skip":true},{"start":{"line":112,"column":20},"end":{"line":112,"column":68},"skip":true}]},"15":{"line":129,"type":"if","locations":[{"start":{"line":129,"column":16},"end":{"line":129,"column":16},"skip":true},{"start":{"line":129,"column":16},"end":{"line":129,"column":16},"skip":true}]},"16":{"line":134,"type":"cond-expr","locations":[{"start":{"line":135,"column":26},"end":{"line":135,"column":29},"skip":true},{"start":{"line":136,"column":26},"end":{"line":136,"column":54},"skip":true}]},"17":{"line":164,"type":"binary-expr","locations":[{"start":{"line":164,"column":27},"end":{"line":164,"column":43},"skip":true},{"start":{"line":164,"column":47},"end":{"line":164,"column":49},"skip":true}]},"18":{"line":258,"type":"if","locations":[{"start":{"line":258,"column":8},"end":{"line":258,"column":8},"skip":true},{"start":{"line":258,"column":8},"end":{"line":258,"column":8},"skip":true}]},"19":{"line":275,"type":"switch","locations":[{"start":{"line":276,"column":20},"end":{"line":277,"column":64},"skip":true},{"start":{"line":278,"column":20},"end":{"line":279,"column":40},"skip":true},{"start":{"line":280,"column":20},"end":{"line":281,"column":40},"skip":true},{"start":{"line":282,"column":20},"end":{"line":283,"column":39},"skip":true}]},"20":{"line":288,"type":"if","locations":[{"start":{"line":288,"column":8},"end":{"line":288,"column":8},"skip":true},{"start":{"line":288,"column":8},"end":{"line":288,"column":8},"skip":true}]},"21":{"line":288,"type":"binary-expr","locations":[{"start":{"line":288,"column":12},"end":{"line":288,"column":40},"skip":true},{"start":{"line":288,"column":44},"end":{"line":288,"column":67},"skip":true}]},"22":{"line":292,"type":"binary-expr","locations":[{"start":{"line":292,"column":12},"end":{"line":292,"column":50},"skip":true},{"start":{"line":293,"column":12},"end":{"line":293,"column":53},"skip":true}]},"23":{"line":295,"type":"binary-expr","locations":[{"start":{"line":295,"column":12},"end":{"line":295,"column":75},"skip":true},{"start":{"line":296,"column":12},"end":{"line":301,"column":36},"skip":true}]},"24":{"line":302,"type":"binary-expr","locations":[{"start":{"line":302,"column":43},"end":{"line":302,"column":75},"skip":true},{"start":{"line":302,"column":79},"end":{"line":302,"column":81},"skip":true}]},"25":{"line":305,"type":"if","locations":[{"start":{"line":305,"column":8},"end":{"line":305,"column":8},"skip":true},{"start":{"line":305,"column":8},"end":{"line":305,"column":8},"skip":true}]},"26":{"line":309,"type":"if","locations":[{"start":{"line":309,"column":8},"end":{"line":309,"column":8},"skip":true},{"start":{"line":309,"column":8},"end":{"line":309,"column":8},"skip":true}]},"27":{"line":312,"type":"binary-expr","locations":[{"start":{"line":312,"column":27},"end":{"line":312,"column":43},"skip":true},{"start":{"line":312,"column":47},"end":{"line":312,"column":53},"skip":true}]},"28":{"line":316,"type":"if","locations":[{"start":{"line":316,"column":12},"end":{"line":316,"column":12},"skip":true},{"start":{"line":316,"column":12},"end":{"line":316,"column":12},"skip":true}]}},"code":["/*","example.js","","quickstart example","","instruction","    1. save this script as example.js","    2. run the shell command:","        $ npm install npmtest-underscore.string && PORT=8081 node example.js","    3. play with the browser-demo on http://127.0.0.1:8081","*/","","","","/* istanbul instrument in package npmtest_underscore_string */","/*jslint","    bitwise: true,","    browser: true,","    maxerr: 8,","    maxlen: 96,","    node: true,","    nomen: true,","    regexp: true,","    stupid: true","*/","(function () {","    'use strict';","    var local;","","","","    // run shared js-env code - pre-init","    (function () {","        // init local","        local = {};","        // init modeJs","        local.modeJs = (function () {","            try {","                return typeof navigator.userAgent === 'string' &&","                    typeof document.querySelector('body') === 'object' &&","                    typeof XMLHttpRequest.prototype.open === 'function' &&","                    'browser';","            } catch (errorCaughtBrowser) {","                return module.exports &&","                    typeof process.versions.node === 'string' &&","                    typeof require('http').createServer === 'function' &&","                    'node';","            }","        }());","        // init global","        local.global = local.modeJs === 'browser'","            ? window","            : global;","        // init utility2_rollup","        local = local.global.utility2_rollup || (local.modeJs === 'browser'","            ? local.global.utility2_npmtest_underscore_string","            : global.utility2_moduleExports);","        // export local","        local.global.local = local;","    }());","    switch (local.modeJs) {","","","","    // post-init","    // run browser js-env code - post-init","    /* istanbul ignore next */","    case 'browser':","        local.testRunBrowser = function (event) {","            if (!event || (event &&","                    event.currentTarget &&","                    event.currentTarget.className &&","                    event.currentTarget.className.includes &&","                    event.currentTarget.className.includes('onreset'))) {","                // reset output","                Array.from(","                    document.querySelectorAll('body > .resettable')","                ).forEach(function (element) {","                    switch (element.tagName) {","                    case 'INPUT':","                    case 'TEXTAREA':","                        element.value = '';","                        break;","                    default:","                        element.textContent = '';","                    }","                });","            }","            switch (event && event.currentTarget && event.currentTarget.id) {","            case 'testRunButton1':","                // show tests","                if (document.querySelector('#testReportDiv1').style.display === 'none') {","                    document.querySelector('#testReportDiv1').style.display = 'block';","                    document.querySelector('#testRunButton1').textContent =","                        'hide internal test';","                    local.modeTest = true;","                    local.testRunDefault(local);","                // hide tests","                } else {","                    document.querySelector('#testReportDiv1').style.display = 'none';","                    document.querySelector('#testRunButton1').textContent = 'run internal test';","                }","                break;","            // custom-case","            default:","                break;","            }","            if (document.querySelector('#inputTextareaEval1') && (!event || (event &&","                    event.currentTarget &&","                    event.currentTarget.className &&","                    event.currentTarget.className.includes &&","                    event.currentTarget.className.includes('oneval')))) {","                // try to eval input-code","                try {","                    /*jslint evil: true*/","                    eval(document.querySelector('#inputTextareaEval1').value);","                } catch (errorCaught) {","                    console.error(errorCaught);","                }","            }","        };","        // log stderr and stdout to #outputTextareaStdout1","        ['error', 'log'].forEach(function (key) {","            console[key + '_original'] = console[key];","            console[key] = function () {","                var element;","                console[key + '_original'].apply(console, arguments);","                element = document.querySelector('#outputTextareaStdout1');","                if (!element) {","                    return;","                }","                // append text to #outputTextareaStdout1","                element.value += Array.from(arguments).map(function (arg) {","                    return typeof arg === 'string'","                        ? arg","                        : JSON.stringify(arg, null, 4);","                }).join(' ') + '\\n';","                // scroll textarea to bottom","                element.scrollTop = element.scrollHeight;","            };","        });","        // init event-handling","        ['change', 'click', 'keyup'].forEach(function (event) {","            Array.from(document.querySelectorAll('.on' + event)).forEach(function (element) {","                element.addEventListener(event, local.testRunBrowser);","            });","        });","        // run tests","        local.testRunBrowser();","        break;","","","","    // run node js-env code - post-init","    /* istanbul ignore next */","    case 'node':","        // export local","        module.exports = local;","        // require modules","        local.fs = require('fs');","        local.http = require('http');","        local.url = require('url');","        // init assets","        local.assetsDict = local.assetsDict || {};","        /* jslint-ignore-begin */","        local.assetsDict['/assets.index.template.html'] = '\\","<!doctype html>\\n\\","<html lang=\"en\">\\n\\","<head>\\n\\","<meta charset=\"UTF-8\">\\n\\","<meta name=\"viewport\" content=\"width=device-width, initial-scale=1\">\\n\\","<title>{{env.npm_package_name}} (v{{env.npm_package_version}})</title>\\n\\","<style>\\n\\","/*csslint\\n\\","    box-sizing: false,\\n\\","    universal-selector: false\\n\\","*/\\n\\","* {\\n\\","    box-sizing: border-box;\\n\\","}\\n\\","body {\\n\\","    background: #dde;\\n\\","    font-family: Arial, Helvetica, sans-serif;\\n\\","    margin: 2rem;\\n\\","}\\n\\","body > * {\\n\\","    margin-bottom: 1rem;\\n\\","}\\n\\",".utility2FooterDiv {\\n\\","    margin-top: 20px;\\n\\","    text-align: center;\\n\\","}\\n\\","</style>\\n\\","<style>\\n\\","/*csslint\\n\\","*/\\n\\","textarea {\\n\\","    font-family: monospace;\\n\\","    height: 10rem;\\n\\","    width: 100%;\\n\\","}\\n\\","textarea[readonly] {\\n\\","    background: #ddd;\\n\\","}\\n\\","</style>\\n\\","</head>\\n\\","<body>\\n\\","<!-- utility2-comment\\n\\","<div id=\"ajaxProgressDiv1\" style=\"background: #d00; height: 2px; left: 0; margin: 0; padding: 0; position: fixed; top: 0; transition: background 0.5s, width 1.5s; width: 25%;\"></div>\\n\\","utility2-comment -->\\n\\","<h1>\\n\\","<!-- utility2-comment\\n\\","    <a\\n\\","        {{#if env.npm_package_homepage}}\\n\\","        href=\"{{env.npm_package_homepage}}\"\\n\\","        {{/if env.npm_package_homepage}}\\n\\","        target=\"_blank\"\\n\\","    >\\n\\","utility2-comment -->\\n\\","        {{env.npm_package_name}} (v{{env.npm_package_version}})\\n\\","<!-- utility2-comment\\n\\","    </a>\\n\\","utility2-comment -->\\n\\","</h1>\\n\\","<h3>{{env.npm_package_description}}</h3>\\n\\","<!-- utility2-comment\\n\\","<h4><a download href=\"assets.app.js\">download standalone app</a></h4>\\n\\","<button class=\"onclick onreset\" id=\"testRunButton1\">run internal test</button><br>\\n\\","<div id=\"testReportDiv1\" style=\"display: none;\"></div>\\n\\","utility2-comment -->\\n\\","\\n\\","\\n\\","\\n\\","<label>stderr and stdout</label>\\n\\","<textarea class=\"resettable\" id=\"outputTextareaStdout1\" readonly></textarea>\\n\\","<!-- utility2-comment\\n\\","{{#if isRollup}}\\n\\","<script src=\"assets.app.js\"></script>\\n\\","{{#unless isRollup}}\\n\\","utility2-comment -->\\n\\","<script src=\"assets.utility2.rollup.js\"></script>\\n\\","<script src=\"jsonp.utility2._stateInit?callback=window.utility2._stateInit\"></script>\\n\\","<script src=\"assets.npmtest_underscore_string.rollup.js\"></script>\\n\\","<script src=\"assets.example.js\"></script>\\n\\","<script src=\"assets.test.js\"></script>\\n\\","<!-- utility2-comment\\n\\","{{/if isRollup}}\\n\\","utility2-comment -->\\n\\","<div class=\"utility2FooterDiv\">\\n\\","    [ this app was created with\\n\\","    <a href=\"https://github.com/kaizhu256/node-utility2\" target=\"_blank\">utility2</a>\\n\\","    ]\\n\\","</div>\\n\\","</body>\\n\\","</html>\\n\\","';","        /* jslint-ignore-end */","        if (local.templateRender) {","            local.assetsDict['/'] = local.templateRender(","                local.assetsDict['/assets.index.template.html'],","                {","                    env: local.objectSetDefault(local.env, {","                        npm_package_description: 'the greatest app in the world!',","                        npm_package_name: 'my-app',","                        npm_package_nameAlias: 'my_app',","                        npm_package_version: '0.0.1'","                    })","                }","            );","        } else {","            local.assetsDict['/'] = local.assetsDict['/assets.index.template.html']","                .replace((/\\{\\{env\\.(\\w+?)\\}\\}/g), function (match0, match1) {","                    // jslint-hack","                    String(match0);","                    switch (match1) {","                    case 'npm_package_description':","                        return 'the greatest app in the world!';","                    case 'npm_package_name':","                        return 'my-app';","                    case 'npm_package_nameAlias':","                        return 'my_app';","                    case 'npm_package_version':","                        return '0.0.1';","                    }","                });","        }","        // run the cli","        if (local.global.utility2_rollup || module !== require.main) {","            break;","        }","        local.assetsDict['/assets.example.js'] =","            local.assetsDict['/assets.example.js'] ||","            local.fs.readFileSync(__filename, 'utf8');","        local.assetsDict['/assets.npmtest_underscore_string.rollup.js'] =","            local.assetsDict['/assets.npmtest_underscore_string.rollup.js'] ||","            local.fs.readFileSync(","                // buildCustomOrg-hack","                local.npmtest_underscore_string.__dirname +","                    '/lib.npmtest_underscore_string.js',","                'utf8'","            ).replace((/^#!/), '//');","        local.assetsDict['/favicon.ico'] = local.assetsDict['/favicon.ico'] || '';","        // if $npm_config_timeout_exit exists,","        // then exit this process after $npm_config_timeout_exit ms","        if (Number(process.env.npm_config_timeout_exit)) {","            setTimeout(process.exit, Number(process.env.npm_config_timeout_exit));","        }","        // start server","        if (local.global.utility2_serverHttp1) {","            break;","        }","        process.env.PORT = process.env.PORT || '8081';","        console.error('server starting on port ' + process.env.PORT);","        local.http.createServer(function (request, response) {","            request.urlParsed = local.url.parse(request.url);","            if (local.assetsDict[request.urlParsed.pathname] !== undefined) {","                response.end(local.assetsDict[request.urlParsed.pathname]);","                return;","            }","            response.statusCode = 404;","            response.end();","        }).listen(process.env.PORT);","        break;","    }","}());",""],"l":{"26":2,"28":2,"33":2,"35":2,"37":2,"38":2,"39":2,"44":1,"51":2,"55":2,"59":2,"61":2,"69":1,"70":2,"76":2,"79":2,"82":2,"83":2,"85":1,"89":2,"92":1,"93":1,"94":1,"96":1,"97":1,"100":1,"101":1,"103":1,"106":1,"108":2,"114":1,"116":1,"118":1,"123":1,"124":2,"125":2,"126":2,"127":2,"128":2,"129":2,"130":1,"133":2,"134":2,"139":2,"143":1,"144":3,"145":1,"149":1,"150":1,"158":1,"160":1,"161":1,"162":1,"164":1,"166":1,"258":1,"259":1,"271":1,"274":6,"275":6,"277":1,"279":2,"281":1,"283":2,"288":1,"289":1,"291":1,"294":1,"302":1,"305":1,"306":1,"309":1,"310":1,"312":1,"313":1,"314":1,"315":1,"316":1,"317":1,"318":1,"320":1,"321":1,"323":1}},"/home/travis/build/npmtest/node-npmtest-underscore.string/node_modules/underscore.string/index.js":{"path":"/home/travis/build/npmtest/node-npmtest-underscore.string/node_modules/underscore.string/index.js","s":{"1":1,"2":0,"3":0,"4":0,"5":1,"6":1,"7":1,"8":1,"9":1,"10":1,"11":1,"12":1,"13":1,"14":1,"15":1,"16":1,"17":1,"18":1,"19":1,"20":1,"21":1,"22":1,"23":1,"24":1,"25":1,"26":1,"27":1,"28":1,"29":1,"30":1,"31":1,"32":1,"33":1,"34":1,"35":1,"36":1,"37":1,"38":1,"39":1,"40":1,"41":1,"42":1,"43":1,"44":1,"45":1,"46":1,"47":1,"48":1,"49":1,"50":1,"51":1,"52":1,"53":1,"54":1,"55":1,"56":1,"57":1,"58":1,"59":1,"60":1,"61":1,"62":1,"63":1,"64":1,"65":1,"66":1,"67":1,"68":1,"69":1,"70":1,"71":1,"72":1,"73":1,"74":1,"75":1,"76":1,"77":1,"78":1,"79":1,"80":0,"81":1,"82":83,"83":1,"84":82,"85":0,"86":0,"87":0,"88":1,"89":74,"90":1,"91":0,"92":1,"93":8,"94":0,"95":0,"96":1,"97":1,"98":8,"99":1},"b":{"1":[0,0],"2":[1,82],"3":[0,0]},"f":{"1":0,"2":0,"3":83,"4":0,"5":0,"6":8,"7":0},"fnMap":{"1":{"name":"s","line":13,"loc":{"start":{"line":13,"column":0},"end":{"line":13,"column":18}}},"2":{"name":"value","line":100,"loc":{"start":{"line":100,"column":9},"end":{"line":100,"column":26}}},"3":{"name":"fn2method","line":105,"loc":{"start":{"line":105,"column":0},"end":{"line":105,"column":28}}},"4":{"name":"(anonymous_4)","line":107,"loc":{"start":{"line":107,"column":21},"end":{"line":107,"column":32}}},"5":{"name":"tap","line":118,"loc":{"start":{"line":118,"column":17},"end":{"line":118,"column":42}}},"6":{"name":"prototype2method","line":122,"loc":{"start":{"line":122,"column":0},"end":{"line":122,"column":38}}},"7":{"name":"(anonymous_7)","line":123,"loc":{"start":{"line":123,"column":24},"end":{"line":123,"column":42}}}},"statementMap":{"1":{"start":{"line":13,"column":0},"end":{"line":17,"column":1}},"2":{"start":{"line":15,"column":2},"end":{"line":15,"column":48}},"3":{"start":{"line":15,"column":28},"end":{"line":15,"column":48}},"4":{"start":{"line":16,"column":2},"end":{"line":16,"column":24}},"5":{"start":{"line":19,"column":0},"end":{"line":19,"column":20}},"6":{"start":{"line":21,"column":0},"end":{"line":21,"column":42}},"7":{"start":{"line":22,"column":0},"end":{"line":22,"column":44}},"8":{"start":{"line":23,"column":0},"end":{"line":23,"column":45}},"9":{"start":{"line":24,"column":0},"end":{"line":24,"column":47}},"10":{"start":{"line":25,"column":0},"end":{"line":25,"column":39}},"11":{"start":{"line":26,"column":0},"end":{"line":26,"column":39}},"12":{"start":{"line":27,"column":0},"end":{"line":27,"column":40}},"13":{"start":{"line":28,"column":0},"end":{"line":28,"column":50}},"14":{"start":{"line":29,"column":0},"end":{"line":29,"column":40}},"15":{"start":{"line":30,"column":0},"end":{"line":30,"column":40}},"16":{"start":{"line":31,"column":0},"end":{"line":31,"column":43}},"17":{"start":{"line":32,"column":0},"end":{"line":32,"column":45}},"18":{"start":{"line":33,"column":0},"end":{"line":33,"column":47}},"19":{"start":{"line":34,"column":0},"end":{"line":34,"column":41}},"20":{"start":{"line":35,"column":0},"end":{"line":35,"column":41}},"21":{"start":{"line":36,"column":0},"end":{"line":36,"column":45}},"22":{"start":{"line":37,"column":0},"end":{"line":37,"column":42}},"23":{"start":{"line":38,"column":0},"end":{"line":38,"column":39}},"24":{"start":{"line":39,"column":0},"end":{"line":39,"column":40}},"25":{"start":{"line":40,"column":0},"end":{"line":40,"column":41}},"26":{"start":{"line":41,"column":0},"end":{"line":41,"column":42}},"27":{"start":{"line":42,"column":0},"end":{"line":42,"column":45}},"28":{"start":{"line":43,"column":0},"end":{"line":43,"column":43}},"29":{"start":{"line":44,"column":0},"end":{"line":44,"column":39}},"30":{"start":{"line":45,"column":0},"end":{"line":45,"column":39}},"31":{"start":{"line":46,"column":0},"end":{"line":46,"column":43}},"32":{"start":{"line":47,"column":0},"end":{"line":47,"column":43}},"33":{"start":{"line":48,"column":0},"end":{"line":48,"column":46}},"34":{"start":{"line":49,"column":0},"end":{"line":49,"column":44}},"35":{"start":{"line":50,"column":0},"end":{"line":50,"column":43}},"36":{"start":{"line":51,"column":0},"end":{"line":51,"column":43}},"37":{"start":{"line":52,"column":0},"end":{"line":52,"column":40}},"38":{"start":{"line":53,"column":0},"end":{"line":53,"column":40}},"39":{"start":{"line":54,"column":0},"end":{"line":54,"column":43}},"40":{"start":{"line":55,"column":0},"end":{"line":55,"column":40}},"41":{"start":{"line":56,"column":0},"end":{"line":56,"column":40}},"42":{"start":{"line":57,"column":0},"end":{"line":57,"column":38}},"43":{"start":{"line":58,"column":0},"end":{"line":58,"column":39}},"44":{"start":{"line":59,"column":0},"end":{"line":59,"column":39}},"45":{"start":{"line":60,"column":0},"end":{"line":60,"column":40}},"46":{"start":{"line":61,"column":0},"end":{"line":61,"column":42}},"47":{"start":{"line":62,"column":0},"end":{"line":62,"column":43}},"48":{"start":{"line":63,"column":0},"end":{"line":63,"column":43}},"49":{"start":{"line":64,"column":0},"end":{"line":64,"column":47}},"50":{"start":{"line":65,"column":0},"end":{"line":65,"column":43}},"51":{"start":{"line":66,"column":0},"end":{"line":66,"column":47}},"52":{"start":{"line":67,"column":0},"end":{"line":67,"column":42}},"53":{"start":{"line":68,"column":0},"end":{"line":68,"column":46}},"54":{"start":{"line":69,"column":0},"end":{"line":69,"column":45}},"55":{"start":{"line":70,"column":0},"end":{"line":70,"column":51}},"56":{"start":{"line":71,"column":0},"end":{"line":71,"column":42}},"57":{"start":{"line":72,"column":0},"end":{"line":72,"column":43}},"58":{"start":{"line":73,"column":0},"end":{"line":73,"column":40}},"59":{"start":{"line":74,"column":0},"end":{"line":74,"column":42}},"60":{"start":{"line":75,"column":0},"end":{"line":75,"column":41}},"61":{"start":{"line":76,"column":0},"end":{"line":76,"column":45}},"62":{"start":{"line":77,"column":0},"end":{"line":77,"column":46}},"63":{"start":{"line":78,"column":0},"end":{"line":78,"column":44}},"64":{"start":{"line":79,"column":0},"end":{"line":79,"column":42}},"65":{"start":{"line":80,"column":0},"end":{"line":80,"column":54}},"66":{"start":{"line":81,"column":0},"end":{"line":81,"column":39}},"67":{"start":{"line":82,"column":0},"end":{"line":82,"column":38}},"68":{"start":{"line":85,"column":0},"end":{"line":85,"column":21}},"69":{"start":{"line":86,"column":0},"end":{"line":86,"column":22}},"70":{"start":{"line":87,"column":0},"end":{"line":87,"column":22}},"71":{"start":{"line":88,"column":0},"end":{"line":88,"column":22}},"72":{"start":{"line":89,"column":0},"end":{"line":89,"column":21}},"73":{"start":{"line":90,"column":0},"end":{"line":90,"column":21}},"74":{"start":{"line":91,"column":0},"end":{"line":91,"column":24}},"75":{"start":{"line":92,"column":0},"end":{"line":92,"column":22}},"76":{"start":{"line":93,"column":0},"end":{"line":93,"column":26}},"77":{"start":{"line":94,"column":0},"end":{"line":94,"column":25}},"78":{"start":{"line":95,"column":0},"end":{"line":95,"column":20}},"79":{"start":{"line":99,"column":0},"end":{"line":103,"column":2}},"80":{"start":{"line":101,"column":4},"end":{"line":101,"column":25}},"81":{"start":{"line":105,"column":0},"end":{"line":113,"column":1}},"82":{"start":{"line":106,"column":2},"end":{"line":106,"column":39}},"83":{"start":{"line":106,"column":32},"end":{"line":106,"column":39}},"84":{"start":{"line":107,"column":2},"end":{"line":112,"column":4}},"85":{"start":{"line":108,"column":4},"end":{"line":108,"column":77}},"86":{"start":{"line":109,"column":4},"end":{"line":109,"column":35}},"87":{"start":{"line":111,"column":4},"end":{"line":111,"column":54}},"88":{"start":{"line":116,"column":0},"end":{"line":116,"column":42}},"89":{"start":{"line":116,"column":19},"end":{"line":116,"column":42}},"90":{"start":{"line":118,"column":0},"end":{"line":120,"column":3}},"91":{"start":{"line":119,"column":2},"end":{"line":119,"column":20}},"92":{"start":{"line":122,"column":0},"end":{"line":127,"column":1}},"93":{"start":{"line":123,"column":2},"end":{"line":126,"column":5}},"94":{"start":{"line":124,"column":4},"end":{"line":124,"column":56}},"95":{"start":{"line":125,"column":4},"end":{"line":125,"column":61}},"96":{"start":{"line":129,"column":0},"end":{"line":138,"column":2}},"97":{"start":{"line":140,"column":0},"end":{"line":140,"column":80}},"98":{"start":{"line":140,"column":37},"end":{"line":140,"column":80}},"99":{"start":{"line":143,"column":0},"end":{"line":143,"column":19}}},"branchMap":{"1":{"line":15,"type":"if","locations":[{"start":{"line":15,"column":2},"end":{"line":15,"column":2}},{"start":{"line":15,"column":2},"end":{"line":15,"column":2}}]},"2":{"line":106,"type":"if","locations":[{"start":{"line":106,"column":2},"end":{"line":106,"column":2}},{"start":{"line":106,"column":2},"end":{"line":106,"column":2}}]},"3":{"line":111,"type":"cond-expr","locations":[{"start":{"line":111,"column":37},"end":{"line":111,"column":47}},{"start":{"line":111,"column":50},"end":{"line":111,"column":53}}]}},"code":["/*","* Underscore.string","* (c) 2010 Esa-Matti Suuronen <esa-matti aet suuronen dot org>","* Underscore.string is freely distributable under the terms of the MIT license.","* Documentation: https://github.com/epeli/underscore.string","* Some code is borrowed from MooTools and Alexandru Marasteanu.","* Version '3.3.4'","* @preserve","*/","","'use strict';","","function s(value) {","  /* jshint validthis: true */","  if (!(this instanceof s)) return new s(value);","  this._wrapped = value;","}","","s.VERSION = '3.3.4';","","s.isBlank          = require('./isBlank');","s.stripTags        = require('./stripTags');","s.capitalize       = require('./capitalize');","s.decapitalize     = require('./decapitalize');","s.chop             = require('./chop');","s.trim             = require('./trim');","s.clean            = require('./clean');","s.cleanDiacritics  = require('./cleanDiacritics');","s.count            = require('./count');","s.chars            = require('./chars');","s.swapCase         = require('./swapCase');","s.escapeHTML       = require('./escapeHTML');","s.unescapeHTML     = require('./unescapeHTML');","s.splice           = require('./splice');","s.insert           = require('./insert');","s.replaceAll       = require('./replaceAll');","s.include          = require('./include');","s.join             = require('./join');","s.lines            = require('./lines');","s.dedent           = require('./dedent');","s.reverse          = require('./reverse');","s.startsWith       = require('./startsWith');","s.endsWith         = require('./endsWith');","s.pred             = require('./pred');","s.succ             = require('./succ');","s.titleize         = require('./titleize');","s.camelize         = require('./camelize');","s.underscored      = require('./underscored');","s.dasherize        = require('./dasherize');","s.classify         = require('./classify');","s.humanize         = require('./humanize');","s.ltrim            = require('./ltrim');","s.rtrim            = require('./rtrim');","s.truncate         = require('./truncate');","s.prune            = require('./prune');","s.words            = require('./words');","s.pad              = require('./pad');","s.lpad             = require('./lpad');","s.rpad             = require('./rpad');","s.lrpad            = require('./lrpad');","s.sprintf          = require('./sprintf');","s.vsprintf         = require('./vsprintf');","s.toNumber         = require('./toNumber');","s.numberFormat     = require('./numberFormat');","s.strRight         = require('./strRight');","s.strRightBack     = require('./strRightBack');","s.strLeft          = require('./strLeft');","s.strLeftBack      = require('./strLeftBack');","s.toSentence       = require('./toSentence');","s.toSentenceSerial = require('./toSentenceSerial');","s.slugify          = require('./slugify');","s.surround         = require('./surround');","s.quote            = require('./quote');","s.unquote          = require('./unquote');","s.repeat           = require('./repeat');","s.naturalCmp       = require('./naturalCmp');","s.levenshtein      = require('./levenshtein');","s.toBoolean        = require('./toBoolean');","s.exports          = require('./exports');","s.escapeRegExp     = require('./helper/escapeRegExp');","s.wrap             = require('./wrap');","s.map              = require('./map');","","// Aliases","s.strip     = s.trim;","s.lstrip    = s.ltrim;","s.rstrip    = s.rtrim;","s.center    = s.lrpad;","s.rjust     = s.lpad;","s.ljust     = s.rpad;","s.contains  = s.include;","s.q         = s.quote;","s.toBool    = s.toBoolean;","s.camelcase = s.camelize;","s.mapChars  = s.map;","","","// Implement chaining","s.prototype = {","  value: function value() {","    return this._wrapped;","  }","};","","function fn2method(key, fn) {","  if (typeof fn !== 'function') return;","  s.prototype[key] = function() {","    var args = [this._wrapped].concat(Array.prototype.slice.call(arguments));","    var res = fn.apply(null, args);","    // if the result is non-string stop the chain and return the value","    return typeof res === 'string' ? new s(res) : res;","  };","}","","// Copy functions to instance methods for chaining","for (var key in s) fn2method(key, s[key]);","","fn2method('tap', function tap(string, fn) {","  return fn(string);","});","","function prototype2method(methodName) {","  fn2method(methodName, function(context) {","    var args = Array.prototype.slice.call(arguments, 1);","    return String.prototype[methodName].apply(context, args);","  });","}","","var prototypeMethods = [","  'toUpperCase',","  'toLowerCase',","  'split',","  'replace',","  'slice',","  'substring',","  'substr',","  'concat'","];","","for (var method in prototypeMethods) prototype2method(prototypeMethods[method]);","","","module.exports = s;",""],"l":{"13":1,"15":0,"16":0,"19":1,"21":1,"22":1,"23":1,"24":1,"25":1,"26":1,"27":1,"28":1,"29":1,"30":1,"31":1,"32":1,"33":1,"34":1,"35":1,"36":1,"37":1,"38":1,"39":1,"40":1,"41":1,"42":1,"43":1,"44":1,"45":1,"46":1,"47":1,"48":1,"49":1,"50":1,"51":1,"52":1,"53":1,"54":1,"55":1,"56":1,"57":1,"58":1,"59":1,"60":1,"61":1,"62":1,"63":1,"64":1,"65":1,"66":1,"67":1,"68":1,"69":1,"70":1,"71":1,"72":1,"73":1,"74":1,"75":1,"76":1,"77":1,"78":1,"79":1,"80":1,"81":1,"82":1,"85":1,"86":1,"87":1,"88":1,"89":1,"90":1,"91":1,"92":1,"93":1,"94":1,"95":1,"99":1,"101":0,"105":1,"106":83,"107":82,"108":0,"109":0,"111":0,"116":74,"118":1,"119":0,"122":1,"123":8,"124":0,"125":0,"129":1,"140":8,"143":1}},"/home/travis/build/npmtest/node-npmtest-underscore.string/node_modules/underscore.string/isBlank.js":{"path":"/home/travis/build/npmtest/node-npmtest-underscore.string/node_modules/underscore.string/isBlank.js","s":{"1":1,"2":1,"3":0},"b":{},"f":{"1":0},"fnMap":{"1":{"name":"isBlank","line":3,"loc":{"start":{"line":3,"column":17},"end":{"line":3,"column":39}}}},"statementMap":{"1":{"start":{"line":1,"column":0},"end":{"line":1,"column":48}},"2":{"start":{"line":3,"column":0},"end":{"line":5,"column":2}},"3":{"start":{"line":4,"column":2},"end":{"line":4,"column":41}}},"branchMap":{},"code":["var makeString = require('./helper/makeString');","","module.exports = function isBlank(str) {","  return (/^\\s*$/).test(makeString(str));","};",""],"l":{"1":1,"3":1,"4":0}},"/home/travis/build/npmtest/node-npmtest-underscore.string/node_modules/underscore.string/helper/makeString.js":{"path":"/home/travis/build/npmtest/node-npmtest-underscore.string/node_modules/underscore.string/helper/makeString.js","s":{"1":1,"2":0,"3":0,"4":0},"b":{"1":[0,0]},"f":{"1":0},"fnMap":{"1":{"name":"makeString","line":4,"loc":{"start":{"line":4,"column":17},"end":{"line":4,"column":45}}}},"statementMap":{"1":{"start":{"line":4,"column":0},"end":{"line":7,"column":2}},"2":{"start":{"line":5,"column":2},"end":{"line":5,"column":32}},"3":{"start":{"line":5,"column":22},"end":{"line":5,"column":32}},"4":{"start":{"line":6,"column":2},"end":{"line":6,"column":21}}},"branchMap":{"1":{"line":5,"type":"if","locations":[{"start":{"line":5,"column":2},"end":{"line":5,"column":2}},{"start":{"line":5,"column":2},"end":{"line":5,"column":2}}]}},"code":["/**"," * Ensure some object is a coerced to a string"," **/","module.exports = function makeString(object) {","  if (object == null) return '';","  return '' + object;","};",""],"l":{"4":1,"5":0,"6":0}},"/home/travis/build/npmtest/node-npmtest-underscore.string/node_modules/underscore.string/stripTags.js":{"path":"/home/travis/build/npmtest/node-npmtest-underscore.string/node_modules/underscore.string/stripTags.js","s":{"1":1,"2":1,"3":0},"b":{},"f":{"1":0},"fnMap":{"1":{"name":"stripTags","line":3,"loc":{"start":{"line":3,"column":17},"end":{"line":3,"column":41}}}},"statementMap":{"1":{"start":{"line":1,"column":0},"end":{"line":1,"column":48}},"2":{"start":{"line":3,"column":0},"end":{"line":5,"column":2}},"3":{"start":{"line":4,"column":2},"end":{"line":4,"column":52}}},"branchMap":{},"code":["var makeString = require('./helper/makeString');","","module.exports = function stripTags(str) {","  return makeString(str).replace(/<\\/?[^>]+>/g, '');","};",""],"l":{"1":1,"3":1,"4":0}},"/home/travis/build/npmtest/node-npmtest-underscore.string/node_modules/underscore.string/capitalize.js":{"path":"/home/travis/build/npmtest/node-npmtest-underscore.string/node_modules/underscore.string/capitalize.js","s":{"1":1,"2":1,"3":0,"4":0,"5":0},"b":{"1":[0,0]},"f":{"1":0},"fnMap":{"1":{"name":"capitalize","line":3,"loc":{"start":{"line":3,"column":17},"end":{"line":3,"column":57}}}},"statementMap":{"1":{"start":{"line":1,"column":0},"end":{"line":1,"column":48}},"2":{"start":{"line":3,"column":0},"end":{"line":8,"column":2}},"3":{"start":{"line":4,"column":2},"end":{"line":4,"column":24}},"4":{"start":{"line":5,"column":2},"end":{"line":5,"column":82}},"5":{"start":{"line":7,"column":2},"end":{"line":7,"column":54}}},"branchMap":{"1":{"line":5,"type":"cond-expr","locations":[{"start":{"line":5,"column":40},"end":{"line":5,"column":52}},{"start":{"line":5,"column":55},"end":{"line":5,"column":81}}]}},"code":["var makeString = require('./helper/makeString');","","module.exports = function capitalize(str, lowercaseRest) {","  str = makeString(str);","  var remainingChars = !lowercaseRest ? str.slice(1) : str.slice(1).toLowerCase();","","  return str.charAt(0).toUpperCase() + remainingChars;","};",""],"l":{"1":1,"3":1,"4":0,"5":0,"7":0}},"/home/travis/build/npmtest/node-npmtest-underscore.string/node_modules/underscore.string/decapitalize.js":{"path":"/home/travis/build/npmtest/node-npmtest-underscore.string/node_modules/underscore.string/decapitalize.js","s":{"1":1,"2":1,"3":0,"4":0},"b":{},"f":{"1":0},"fnMap":{"1":{"name":"decapitalize","line":3,"loc":{"start":{"line":3,"column":17},"end":{"line":3,"column":44}}}},"statementMap":{"1":{"start":{"line":1,"column":0},"end":{"line":1,"column":48}},"2":{"start":{"line":3,"column":0},"end":{"line":6,"column":2}},"3":{"start":{"line":4,"column":2},"end":{"line":4,"column":24}},"4":{"start":{"line":5,"column":2},"end":{"line":5,"column":52}}},"branchMap":{},"code":["var makeString = require('./helper/makeString');","","module.exports = function decapitalize(str) {","  str = makeString(str);","  return str.charAt(0).toLowerCase() + str.slice(1);","};",""],"l":{"1":1,"3":1,"4":0,"5":0}},"/home/travis/build/npmtest/node-npmtest-underscore.string/node_modules/underscore.string/chop.js":{"path":"/home/travis/build/npmtest/node-npmtest-underscore.string/node_modules/underscore.string/chop.js","s":{"1":1,"2":0,"3":0,"4":0,"5":0,"6":0},"b":{"1":[0,0],"2":[0,0]},"f":{"1":0},"fnMap":{"1":{"name":"chop","line":1,"loc":{"start":{"line":1,"column":17},"end":{"line":1,"column":42}}}},"statementMap":{"1":{"start":{"line":1,"column":0},"end":{"line":6,"column":2}},"2":{"start":{"line":2,"column":2},"end":{"line":2,"column":29}},"3":{"start":{"line":2,"column":19},"end":{"line":2,"column":29}},"4":{"start":{"line":3,"column":2},"end":{"line":3,"column":20}},"5":{"start":{"line":4,"column":2},"end":{"line":4,"column":16}},"6":{"start":{"line":5,"column":2},"end":{"line":5,"column":76}}},"branchMap":{"1":{"line":2,"type":"if","locations":[{"start":{"line":2,"column":2},"end":{"line":2,"column":2}},{"start":{"line":2,"column":2},"end":{"line":2,"column":2}}]},"2":{"line":5,"type":"cond-expr","locations":[{"start":{"line":5,"column":20},"end":{"line":5,"column":67}},{"start":{"line":5,"column":70},"end":{"line":5,"column":75}}]}},"code":["module.exports = function chop(str, step) {","  if (str == null) return [];","  str = String(str);","  step = ~~step;","  return step > 0 ? str.match(new RegExp('.{1,' + step + '}', 'g')) : [str];","};",""],"l":{"1":1,"2":0,"3":0,"4":0,"5":0}},"/home/travis/build/npmtest/node-npmtest-underscore.string/node_modules/underscore.string/trim.js":{"path":"/home/travis/build/npmtest/node-npmtest-underscore.string/node_modules/underscore.string/trim.js","s":{"1":1,"2":1,"3":1,"4":1,"5":0,"6":0,"7":0,"8":0,"9":0},"b":{"1":[0,0],"2":[0,0]},"f":{"1":0},"fnMap":{"1":{"name":"trim","line":5,"loc":{"start":{"line":5,"column":17},"end":{"line":5,"column":48}}}},"statementMap":{"1":{"start":{"line":1,"column":0},"end":{"line":1,"column":48}},"2":{"start":{"line":2,"column":0},"end":{"line":2,"column":66}},"3":{"start":{"line":3,"column":0},"end":{"line":3,"column":39}},"4":{"start":{"line":5,"column":0},"end":{"line":10,"column":2}},"5":{"start":{"line":6,"column":2},"end":{"line":6,"column":24}},"6":{"start":{"line":7,"column":2},"end":{"line":7,"column":61}},"7":{"start":{"line":7,"column":33},"end":{"line":7,"column":61}},"8":{"start":{"line":8,"column":2},"end":{"line":8,"column":47}},"9":{"start":{"line":9,"column":2},"end":{"line":9,"column":87}}},"branchMap":{"1":{"line":7,"type":"if","locations":[{"start":{"line":7,"column":2},"end":{"line":7,"column":2}},{"start":{"line":7,"column":2},"end":{"line":7,"column":2}}]},"2":{"line":7,"type":"binary-expr","locations":[{"start":{"line":7,"column":6},"end":{"line":7,"column":17}},{"start":{"line":7,"column":21},"end":{"line":7,"column":31}}]}},"code":["var makeString = require('./helper/makeString');","var defaultToWhiteSpace = require('./helper/defaultToWhiteSpace');","var nativeTrim = String.prototype.trim;","","module.exports = function trim(str, characters) {","  str = makeString(str);","  if (!characters && nativeTrim) return nativeTrim.call(str);","  characters = defaultToWhiteSpace(characters);","  return str.replace(new RegExp('^' + characters + '+|' + characters + '+$', 'g'), '');","};",""],"l":{"1":1,"2":1,"3":1,"5":1,"6":0,"7":0,"8":0,"9":0}},"/home/travis/build/npmtest/node-npmtest-underscore.string/node_modules/underscore.string/helper/defaultToWhiteSpace.js":{"path":"/home/travis/build/npmtest/node-npmtest-underscore.string/node_modules/underscore.string/helper/defaultToWhiteSpace.js","s":{"1":1,"2":1,"3":0,"4":0,"5":0,"6":0,"7":0},"b":{"1":[0,0],"2":[0,0]},"f":{"1":0},"fnMap":{"1":{"name":"defaultToWhiteSpace","line":3,"loc":{"start":{"line":3,"column":17},"end":{"line":3,"column":58}}}},"statementMap":{"1":{"start":{"line":1,"column":0},"end":{"line":1,"column":45}},"2":{"start":{"line":3,"column":0},"end":{"line":10,"column":2}},"3":{"start":{"line":4,"column":2},"end":{"line":9,"column":48}},"4":{"start":{"line":5,"column":4},"end":{"line":5,"column":17}},"5":{"start":{"line":6,"column":7},"end":{"line":9,"column":48}},"6":{"start":{"line":7,"column":4},"end":{"line":7,"column":29}},"7":{"start":{"line":9,"column":4},"end":{"line":9,"column":48}}},"branchMap":{"1":{"line":4,"type":"if","locations":[{"start":{"line":4,"column":2},"end":{"line":4,"column":2}},{"start":{"line":4,"column":2},"end":{"line":4,"column":2}}]},"2":{"line":6,"type":"if","locations":[{"start":{"line":6,"column":7},"end":{"line":6,"column":7}},{"start":{"line":6,"column":7},"end":{"line":6,"column":7}}]}},"code":["var escapeRegExp = require('./escapeRegExp');","","module.exports = function defaultToWhiteSpace(characters) {","  if (characters == null)","    return '\\\\s';","  else if (characters.source)","    return characters.source;","  else","    return '[' + escapeRegExp(characters) + ']';","};",""],"l":{"1":1,"3":1,"4":0,"5":0,"6":0,"7":0,"9":0}},"/home/travis/build/npmtest/node-npmtest-underscore.string/node_modules/underscore.string/helper/escapeRegExp.js":{"path":"/home/travis/build/npmtest/node-npmtest-underscore.string/node_modules/underscore.string/helper/escapeRegExp.js","s":{"1":1,"2":1,"3":0},"b":{},"f":{"1":0},"fnMap":{"1":{"name":"escapeRegExp","line":3,"loc":{"start":{"line":3,"column":17},"end":{"line":3,"column":44}}}},"statementMap":{"1":{"start":{"line":1,"column":0},"end":{"line":1,"column":41}},"2":{"start":{"line":3,"column":0},"end":{"line":5,"column":2}},"3":{"start":{"line":4,"column":2},"end":{"line":4,"column":71}}},"branchMap":{},"code":["var makeString = require('./makeString');","","module.exports = function escapeRegExp(str) {","  return makeString(str).replace(/([.*+?^=!:${}()|[\\]\\/\\\\])/g, '\\\\$1');","};",""],"l":{"1":1,"3":1,"4":0}},"/home/travis/build/npmtest/node-npmtest-underscore.string/node_modules/underscore.string/clean.js":{"path":"/home/travis/build/npmtest/node-npmtest-underscore.string/node_modules/underscore.string/clean.js","s":{"1":1,"2":1,"3":0},"b":{},"f":{"1":0},"fnMap":{"1":{"name":"clean","line":3,"loc":{"start":{"line":3,"column":17},"end":{"line":3,"column":37}}}},"statementMap":{"1":{"start":{"line":1,"column":0},"end":{"line":1,"column":29}},"2":{"start":{"line":3,"column":0},"end":{"line":5,"column":2}},"3":{"start":{"line":4,"column":2},"end":{"line":4,"column":42}}},"branchMap":{},"code":["var trim = require('./trim');","","module.exports = function clean(str) {","  return trim(str).replace(/\\s\\s+/g, ' ');","};",""],"l":{"1":1,"3":1,"4":0}},"/home/travis/build/npmtest/node-npmtest-underscore.string/node_modules/underscore.string/cleanDiacritics.js":{"path":"/home/travis/build/npmtest/node-npmtest-underscore.string/node_modules/underscore.string/cleanDiacritics.js","s":{"1":1,"2":1,"3":1,"4":1,"5":1,"6":1,"7":1,"8":1,"9":0,"10":0,"11":0},"b":{"1":[0,0]},"f":{"1":0,"2":0},"fnMap":{"1":{"name":"cleanDiacritics","line":17,"loc":{"start":{"line":17,"column":17},"end":{"line":17,"column":47}}},"2":{"name":"(anonymous_2)","line":18,"loc":{"start":{"line":18,"column":42},"end":{"line":18,"column":53}}}},"statementMap":{"1":{"start":{"line":2,"column":0},"end":{"line":2,"column":48}},"2":{"start":{"line":4,"column":0},"end":{"line":5,"column":70}},"3":{"start":{"line":7,"column":0},"end":{"line":7,"column":27}},"4":{"start":{"line":8,"column":0},"end":{"line":8,"column":23}},"5":{"start":{"line":10,"column":0},"end":{"line":10,"column":18}},"6":{"start":{"line":13,"column":0},"end":{"line":13,"column":12}},"7":{"start":{"line":14,"column":0},"end":{"line":14,"column":14}},"8":{"start":{"line":17,"column":0},"end":{"line":22,"column":2}},"9":{"start":{"line":18,"column":2},"end":{"line":21,"column":5}},"10":{"start":{"line":19,"column":4},"end":{"line":19,"column":32}},"11":{"start":{"line":20,"column":4},"end":{"line":20,"column":40}}},"branchMap":{"1":{"line":20,"type":"cond-expr","locations":[{"start":{"line":20,"column":26},"end":{"line":20,"column":27}},{"start":{"line":20,"column":30},"end":{"line":20,"column":39}}]}},"code":["","var makeString = require('./helper/makeString');","","var from  = 'ąàáäâãåæăćčĉęèéëêĝĥìíïîĵłľńňòóöőôõðøśșşšŝťțţŭùúüűûñÿýçżźž',","  to    = 'aaaaaaaaaccceeeeeghiiiijllnnoooooooossssstttuuuuuunyyczzz';","","from += from.toUpperCase();","to += to.toUpperCase();","","to = to.split('');","","// for tokens requireing multitoken output","from += 'ß';","to.push('ss');","","","module.exports = function cleanDiacritics(str) {","  return makeString(str).replace(/.{1}/g, function(c){","    var index = from.indexOf(c);","    return index === -1 ? c : to[index];","  });","};",""],"l":{"2":1,"4":1,"7":1,"8":1,"10":1,"13":1,"14":1,"17":1,"18":0,"19":0,"20":0}},"/home/travis/build/npmtest/node-npmtest-underscore.string/node_modules/underscore.string/count.js":{"path":"/home/travis/build/npmtest/node-npmtest-underscore.string/node_modules/underscore.string/count.js","s":{"1":1,"2":1,"3":0,"4":0,"5":0,"6":0,"7":0},"b":{"1":[0,0],"2":[0,0]},"f":{"1":0},"fnMap":{"1":{"name":"(anonymous_1)","line":3,"loc":{"start":{"line":3,"column":17},"end":{"line":3,"column":39}}}},"statementMap":{"1":{"start":{"line":1,"column":0},"end":{"line":1,"column":48}},"2":{"start":{"line":3,"column":0},"end":{"line":10,"column":2}},"3":{"start":{"line":4,"column":2},"end":{"line":4,"column":24}},"4":{"start":{"line":5,"column":2},"end":{"line":5,"column":30}},"5":{"start":{"line":7,"column":2},"end":{"line":7,"column":56}},"6":{"start":{"line":7,"column":47},"end":{"line":7,"column":56}},"7":{"start":{"line":9,"column":2},"end":{"line":9,"column":38}}},"branchMap":{"1":{"line":7,"type":"if","locations":[{"start":{"line":7,"column":2},"end":{"line":7,"column":2}},{"start":{"line":7,"column":2},"end":{"line":7,"column":2}}]},"2":{"line":7,"type":"binary-expr","locations":[{"start":{"line":7,"column":6},"end":{"line":7,"column":22}},{"start":{"line":7,"column":26},"end":{"line":7,"column":45}}]}},"code":["var makeString = require('./helper/makeString');","","module.exports = function(str, substr) {","  str = makeString(str);","  substr = makeString(substr);","","  if (str.length === 0 || substr.length === 0) return 0;","  ","  return str.split(substr).length - 1;","};",""],"l":{"1":1,"3":1,"4":0,"5":0,"7":0,"9":0}},"/home/travis/build/npmtest/node-npmtest-underscore.string/node_modules/underscore.string/chars.js":{"path":"/home/travis/build/npmtest/node-npmtest-underscore.string/node_modules/underscore.string/chars.js","s":{"1":1,"2":1,"3":0},"b":{},"f":{"1":0},"fnMap":{"1":{"name":"chars","line":3,"loc":{"start":{"line":3,"column":17},"end":{"line":3,"column":37}}}},"statementMap":{"1":{"start":{"line":1,"column":0},"end":{"line":1,"column":48}},"2":{"start":{"line":3,"column":0},"end":{"line":5,"column":2}},"3":{"start":{"line":4,"column":2},"end":{"line":4,"column":35}}},"branchMap":{},"code":["var makeString = require('./helper/makeString');","","module.exports = function chars(str) {","  return makeString(str).split('');","};",""],"l":{"1":1,"3":1,"4":0}},"/home/travis/build/npmtest/node-npmtest-underscore.string/node_modules/underscore.string/swapCase.js":{"path":"/home/travis/build/npmtest/node-npmtest-underscore.string/node_modules/underscore.string/swapCase.js","s":{"1":1,"2":1,"3":0,"4":0},"b":{"1":[0,0]},"f":{"1":0,"2":0},"fnMap":{"1":{"name":"swapCase
[...]
ine":14,"loc":{"start":{"line":14,"column":17},"end":{"line":14,"column":66}}}},"statementMap":{"1":{"start":{"line":1,"column":0},"end":{"line":1,"column":29}},"2":{"start":{"line":3,"column":0},"end":{"line":12,"column":1}},"3":{"start":{"line":4,"column":2},"end":{"line":4,"column":41}},"4":{"start":{"line":5,"column":2},"end":{"line":5,"column":33}},"5":{"start":{"line":6,"column":2},"end":{"line":11,"column":3}},"6":{"start":{"line":7,"column":4},"end":{"line":7,"column":26}},"7":{"start":{"line":8,"column":4},"end":{"line":8,"column":27}},"8":{"start":{"line":8,"column":18},"end":{"line":8,"column":27}},"9":{"start":{"line":9,"column":4},"end":{"line":9,"column":53}},"10":{"start":{"line":9,"column":41},"end":{"line":9,"column":53}},"11":{"start":{"line":10,"column":4},"end":{"line":10,"column":52}},"12":{"start":{"line":10,"column":40},"end":{"line":10,"column":52}},"13":{"start":{"line":14,"column":0},"end":{"line":20,"column":2}},"14":{"start":{"line":15,"column":2},"end":{"line":15,"column":46}},"15":{"start":{"line":15,"column":31},"end":{"line":15,"column":46}},"16":{"start":{"line":16,"column":2},"end":{"line":16,"column":44}},"17":{"start":{"line":16,"column":31},"end":{"line":16,"column":44}},"18":{"start":{"line":17,"column":2},"end":{"line":17,"column":18}},"19":{"start":{"line":18,"column":2},"end":{"line":18,"column":63}},"20":{"start":{"line":18,"column":51},"end":{"line":18,"column":63}},"21":{"start":{"line":19,"column":2},"end":{"line":19,"column":66}},"22":{"start":{"line":19,"column":53},"end":{"line":19,"column":66}}},"branchMap":{"1":{"line":8,"type":"if","locations":[{"start":{"line":8,"column":4},"end":{"line":8,"column":4}},{"start":{"line":8,"column":4},"end":{"line":8,"column":4}}]},"2":{"line":9,"type":"if","locations":[{"start":{"line":9,"column":4},"end":{"line":9,"column":4}},{"start":{"line":9,"column":4},"end":{"line":9,"column":4}}]},"3":{"line":9,"type":"binary-expr","locations":[{"start":{"line":9,"column":8},"end":{"line":9,"column":20}},{"start":{"line":9,"column":24},"end":{"line":9,"column":39}}]},"4":{"line":10,"type":"if","locations":[{"start":{"line":10,"column":4},"end":{"line":10,"column":4}},{"start":{"line":10,"column":4},"end":{"line":10,"column":4}}]},"5":{"line":15,"type":"if","locations":[{"start":{"line":15,"column":2},"end":{"line":15,"column":2}},{"start":{"line":15,"column":2},"end":{"line":15,"column":2}}]},"6":{"line":16,"type":"if","locations":[{"start":{"line":16,"column":2},"end":{"line":16,"column":2}},{"start":{"line":16,"column":2},"end":{"line":16,"column":2}}]},"7":{"line":18,"type":"if","locations":[{"start":{"line":18,"column":2},"end":{"line":18,"column":2}},{"start":{"line":18,"column":2},"end":{"line":18,"column":2}}]},"8":{"line":18,"type":"binary-expr","locations":[{"start":{"line":18,"column":21},"end":{"line":18,"column":31}},{"start":{"line":18,"column":35},"end":{"line":18,"column":48}}]},"9":{"line":19,"type":"if","locations":[{"start":{"line":19,"column":2},"end":{"line":19,"column":2}},{"start":{"line":19,"column":2},"end":{"line":19,"column":2}}]},"10":{"line":19,"type":"binary-expr","locations":[{"start":{"line":19,"column":21},"end":{"line":19,"column":32}},{"start":{"line":19,"column":36},"end":{"line":19,"column":50}}]}},"code":["var trim = require('./trim');","","function boolMatch(s, matchers) {","  var i, matcher, down = s.toLowerCase();","  matchers = [].concat(matchers);","  for (i = 0; i < matchers.length; i += 1) {","    matcher = matchers[i];","    if (!matcher) continue;","    if (matcher.test && matcher.test(s)) return true;","    if (matcher.toLowerCase() === down) return true;","  }","}","","module.exports = function toBoolean(str, trueValues, falseValues) {","  if (typeof str === 'number') str = '' + str;","  if (typeof str !== 'string') return !!str;","  str = trim(str);","  if (boolMatch(str, trueValues || ['true', '1'])) return true;","  if (boolMatch(str, falseValues || ['false', '0'])) return false;","};",""],"l":{"1":1,"3":1,"4":0,"5":0,"6":0,"7":0,"8":0,"9":0,"10":0,"14":1,"15":0,"16":0,"17":0,"18":0,"19":0}},"/home/travis/build/npmtest/node-npmtest-underscore.string/node_modules/underscore.string/exports.js":{"path":"/home/travis/build/npmtest/node-npmtest-underscore.string/node_modules/underscore.string/exports.js","s":{"1":1,"2":0,"3":0,"4":0,"5":0,"6":0,"7":0},"b":{"1":[0,0],"2":[0,0]},"f":{"1":0},"fnMap":{"1":{"name":"(anonymous_1)","line":1,"loc":{"start":{"line":1,"column":17},"end":{"line":1,"column":28}}}},"statementMap":{"1":{"start":{"line":1,"column":0},"end":{"line":10,"column":2}},"2":{"start":{"line":2,"column":2},"end":{"line":2,"column":18}},"3":{"start":{"line":4,"column":2},"end":{"line":7,"column":3}},"4":{"start":{"line":5,"column":4},"end":{"line":5,"column":107}},"5":{"start":{"line":5,"column":98},"end":{"line":5,"column":107}},"6":{"start":{"line":6,"column":4},"end":{"line":6,"column":30}},"7":{"start":{"line":9,"column":2},"end":{"line":9,"column":16}}},"branchMap":{"1":{"line":5,"type":"if","locations":[{"start":{"line":5,"column":4},"end":{"line":5,"column":4}},{"start":{"line":5,"column":4},"end":{"line":5,"column":4}}]},"2":{"line":5,"type":"binary-expr","locations":[{"start":{"line":5,"column":8},"end":{"line":5,"column":34}},{"start":{"line":5,"column":38},"end":{"line":5,"column":96}}]}},"code":["module.exports = function() {","  var result = {};","","  for (var prop in this) {","    if (!this.hasOwnProperty(prop) || prop.match(/^(?:include|contains|reverse|join|map|wrap)$/)) continue;","    result[prop] = this[prop];","  }","","  return result;","};",""],"l":{"1":1,"2":0,"4":0,"5":0,"6":0,"9":0}},"/home/travis/build/npmtest/node-npmtest-underscore.string/node_modules/underscore.string/wrap.js":{"path":"/home/travis/build/npmtest/node-npmtest-underscore.string/node_modules/underscore.string/wrap.js","s":{"1":1,"2":1,"3":0,"4":0,"5":0,"6":0,"7":0,"8":0,"9":0,"10":0,"11":0,"12":0,"13":0,"14":0,"15":0,"16":0,"17":0,"18":0,"19":0,"20":0,"21":0,"22":0,"23":0,"24":0,"25":0,"26":0,"27":0,"28":0,"29":0,"30":0,"31":0,"32":0,"33":0,"34":0,"35":0,"36":0,"37":0,"38":0,"39":0,"40":0,"41":0,"42":0,"43":0,"44":0,"45":0,"46":0,"47":0,"48":0,"49":0,"50":0,"51":0},"b":{"1":[0,0],"2":[0,0],"3":[0,0],"4":[0,0],"5":[0,0],"6":[0,0],"7":[0,0],"8":[0,0],"9":[0,0],"10":[0,0],"11":[0,0],"12":[0,0],"13":[0,0],"14":[0,0],"15":[0,0],"16":[0,0],"17":[0,0]},"f":{"1":0},"fnMap":{"1":{"name":"wrap","line":6,"loc":{"start":{"line":6,"column":17},"end":{"line":6,"column":44}}}},"statementMap":{"1":{"start":{"line":4,"column":0},"end":{"line":4,"column":48}},"2":{"start":{"line":6,"column":0},"end":{"line":102,"column":2}},"3":{"start":{"line":7,"column":2},"end":{"line":7,"column":24}},"4":{"start":{"line":9,"column":2},"end":{"line":9,"column":26}},"5":{"start":{"line":11,"column":2},"end":{"line":11,"column":34}},"6":{"start":{"line":12,"column":2},"end":{"line":12,"column":44}},"7":{"start":{"line":13,"column":2},"end":{"line":13,"column":33}},"8":{"start":{"line":14,"column":2},"end":{"line":14,"column":55}},"9":{"start":{"line":15,"column":2},"end":{"line":15,"column":55}},"10":{"start":{"line":17,"column":2},"end":{"line":17,"column":13}},"11":{"start":{"line":19,"column":2},"end":{"line":101,"column":3}},"12":{"start":{"line":20,"column":4},"end":{"line":20,"column":15}},"13":{"start":{"line":23,"column":7},"end":{"line":101,"column":3}},"14":{"start":{"line":25,"column":4},"end":{"line":25,"column":31}},"15":{"start":{"line":26,"column":4},"end":{"line":26,"column":27}},"16":{"start":{"line":27,"column":4},"end":{"line":27,"column":16}},"17":{"start":{"line":29,"column":4},"end":{"line":64,"column":5}},"18":{"start":{"line":32,"column":6},"end":{"line":51,"column":7}},"19":{"start":{"line":34,"column":8},"end":{"line":50,"column":9}},"20":{"start":{"line":36,"column":10},"end":{"line":46,"column":11}},"21":{"start":{"line":37,"column":12},"end":{"line":37,"column":26}},"22":{"start":{"line":38,"column":12},"end":{"line":38,"column":29}},"23":{"start":{"line":41,"column":15},"end":{"line":46,"column":11}},"24":{"start":{"line":42,"column":12},"end":{"line":45,"column":13}},"25":{"start":{"line":43,"column":14},"end":{"line":43,"column":28}},"26":{"start":{"line":44,"column":14},"end":{"line":44,"column":31}},"27":{"start":{"line":48,"column":10},"end":{"line":48,"column":30}},"28":{"start":{"line":49,"column":10},"end":{"line":49,"column":29}},"29":{"start":{"line":54,"column":6},"end":{"line":57,"column":7}},"30":{"start":{"line":55,"column":8},"end":{"line":55,"column":22}},"31":{"start":{"line":56,"column":8},"end":{"line":56,"column":25}},"32":{"start":{"line":60,"column":6},"end":{"line":60,"column":25}},"33":{"start":{"line":61,"column":6},"end":{"line":61,"column":40}},"34":{"start":{"line":62,"column":6},"end":{"line":62,"column":20}},"35":{"start":{"line":67,"column":4},"end":{"line":72,"column":5}},"36":{"start":{"line":68,"column":6},"end":{"line":71,"column":7}},"37":{"start":{"line":69,"column":8},"end":{"line":69,"column":22}},"38":{"start":{"line":70,"column":8},"end":{"line":70,"column":25}},"39":{"start":{"line":74,"column":4},"end":{"line":74,"column":18}},"40":{"start":{"line":80,"column":4},"end":{"line":80,"column":18}},"41":{"start":{"line":81,"column":4},"end":{"line":81,"column":16}},"42":{"start":{"line":84,"column":4},"end":{"line":90,"column":5}},"43":{"start":{"line":85,"column":6},"end":{"line":87,"column":7}},"44":{"start":{"line":86,"column":8},"end":{"line":86,"column":28}},"45":{"start":{"line":88,"column":6},"end":{"line":88,"column":34}},"46":{"start":{"line":89,"column":6},"end":{"line":89,"column":14}},"47":{"start":{"line":93,"column":4},"end":{"line":98,"column":5}},"48":{"start":{"line":94,"column":6},"end":{"line":97,"column":7}},"49":{"start":{"line":95,"column":8},"end":{"line":95,"column":22}},"50":{"start":{"line":96,"column":8},"end":{"line":96,"column":16}},"51":{"start":{"line":100,"column":4},"end":{"line":100,"column":18}}},"branchMap":{"1":{"line":9,"type":"binary-expr","locations":[{"start":{"line":9,"column":12},"end":{"line":9,"column":19}},{"start":{"line":9,"column":23},"end":{"line":9,"column":25}}]},"2":{"line":11,"type":"binary-expr","locations":[{"start":{"line":11,"column":14},"end":{"line":11,"column":27}},{"start":{"line":11,"column":31},"end":{"line":11,"column":33}}]},"3":{"line":12,"type":"binary-expr","locations":[{"start":{"line":12,"column":18},"end":{"line":12,"column":35}},{"start":{"line":12,"column":39},"end":{"line":12,"column":43}}]},"4":{"line":13,"type":"binary-expr","locations":[{"start":{"line":13,"column":12},"end":{"line":13,"column":23}},{"start":{"line":13,"column":27},"end":{"line":13,"column":32}}]},"5":{"line":14,"type":"binary-expr","locations":[{"start":{"line":14,"column":23},"end":{"line":14,"column":45}},{"start":{"line":14,"column":49},"end":{"line":14,"column":54}}]},"6":{"line":15,"type":"binary-expr","locations":[{"start":{"line":15,"column":23},"end":{"line":15,"column":45}},{"start":{"line":15,"column":49},"end":{"line":15,"column":54}}]},"7":{"line":19,"type":"if","locations":[{"start":{"line":19,"column":2},"end":{"line":19,"column":2}},{"start":{"line":19,"column":2},"end":{"line":19,"column":2}}]},"8":{"line":23,"type":"if","locations":[{"start":{"line":23,"column":7},"end":{"line":23,"column":7}},{"start":{"line":23,"column":7},"end":{"line":23,"column":7}}]},"9":{"line":32,"type":"if","locations":[{"start":{"line":32,"column":6},"end":{"line":32,"column":6}},{"start":{"line":32,"column":6},"end":{"line":32,"column":6}}]},"10":{"line":34,"type":"if","locations":[{"start":{"line":34,"column":8},"end":{"line":34,"column":8}},{"start":{"line":34,"column":8},"end":{"line":34,"column":8}}]},"11":{"line":36,"type":"if","locations":[{"start":{"line":36,"column":10},"end":{"line":36,"column":10}},{"start":{"line":36,"column":10},"end":{"line":36,"column":10}}]},"12":{"line":41,"type":"if","locations":[{"start":{"line":41,"column":15},"end":{"line":41,"column":15}},{"start":{"line":41,"column":15},"end":{"line":41,"column":15}}]},"13":{"line":54,"type":"if","locations":[{"start":{"line":54,"column":6},"end":{"line":54,"column":6}},{"start":{"line":54,"column":6},"end":{"line":54,"column":6}}]},"14":{"line":67,"type":"if","locations":[{"start":{"line":67,"column":4},"end":{"line":67,"column":4}},{"start":{"line":67,"column":4},"end":{"line":67,"column":4}}]},"15":{"line":85,"type":"if","locations":[{"start":{"line":85,"column":6},"end":{"line":85,"column":6}},{"start":{"line":85,"column":6},"end":{"line":85,"column":6}}]},"16":{"line":85,"type":"binary-expr","locations":[{"start":{"line":85,"column":9},"end":{"line":85,"column":27}},{"start":{"line":85,"column":31},"end":{"line":85,"column":40}}]},"17":{"line":93,"type":"if","locations":[{"start":{"line":93,"column":4},"end":{"line":93,"column":4}},{"start":{"line":93,"column":4},"end":{"line":93,"column":4}}]}},"code":["// Wrap","// wraps a string by a certain width","","var makeString = require('./helper/makeString');","","module.exports = function wrap(str, options){","  str = makeString(str);","  ","  options = options || {};","  ","  var width = options.width || 75;","  var seperator = options.seperator || '\\n';","  var cut = options.cut || false;","  var preserveSpaces = options.preserveSpaces || false;","  var trailingSpaces = options.trailingSpaces || false;","  ","  var result;","  ","  if(width <= 0){","    return str;","  }","  ","  else if(!cut){","  ","    var words = str.split(' ');","    var current_column = 0;","    result = '';","  ","    while(words.length > 0){","      ","      // if adding a space and the next word would cause this line to be longer than width...","      if(1 + words[0].length + current_column > width){","        //start a new line if this line is not already empty","        if(current_column > 0){","          // add a space at the end of the line is preserveSpaces is true","          if (preserveSpaces){","            result += ' ';","            current_column++;","          }","          // fill the rest of the line with spaces if trailingSpaces option is true","          else if(trailingSpaces){","            while(current_column < width){","              result += ' ';","              current_column++;","            }            ","          }","          //start new line","          result += seperator;","          current_column = 0;","        }","      }","  ","      // if not at the begining of the line, add a space in front of the word","      if(current_column > 0){","        result += ' ';","        current_column++;","      }","  ","      // tack on the next word, update current column, a pop words array","      result += words[0];","      current_column += words[0].length;","      words.shift();","  ","    }","  ","    // fill the rest of the line with spaces if trailingSpaces option is true","    if(trailingSpaces){","      while(current_column < width){","        result += ' ';","        current_column++;","      }            ","    }","  ","    return result;","  ","  }","  ","  else {","  ","    var index = 0;","    result = '';","  ","    // walk through each character and add seperators where appropriate","    while(index < str.length){","      if(index % width == 0 && index > 0){","        result += seperator;","      }","      result += str.charAt(index);","      index++;","    }","  ","    // fill the rest of the line with spaces if trailingSpaces option is true","    if(trailingSpaces){","      while(index % width > 0){","        result += ' ';","        index++;","      }            ","    }","    ","    return result;","  }","};",""],"l":{"4":1,"6":1,"7":0,"9":0,"11":0,"12":0,"13":0,"14":0,"15":0,"17":0,"19":0,"20":0,"23":0,"25":0,"26":0,"27":0,"29":0,"32":0,"34":0,"36":0,"37":0,"38":0,"41":0,"42":0,"43":0,"44":0,"48":0,"49":0,"54":0,"55":0,"56":0,"60":0,"61":0,"62":0,"67":0,"68":0,"69":0,"70":0,"74":0,"80":0,"81":0,"84":0,"85":0,"86":0,"88":0,"89":0,"93":0,"94":0,"95":0,"96":0,"100":0}},"/home/travis/build/npmtest/node-npmtest-underscore.string/node_modules/underscore.string/map.js":{"path":"/home/travis/build/npmtest/node-npmtest-underscore.string/node_modules/underscore.string/map.js","s":{"1":1,"2":1,"3":0,"4":0,"5":0,"6":0},"b":{"1":[0,0],"2":[0,0]},"f":{"1":0},"fnMap":{"1":{"name":"(anonymous_1)","line":3,"loc":{"start":{"line":3,"column":17},"end":{"line":3,"column":41}}}},"statementMap":{"1":{"start":{"line":1,"column":0},"end":{"line":1,"column":48}},"2":{"start":{"line":3,"column":0},"end":{"line":9,"column":2}},"3":{"start":{"line":4,"column":2},"end":{"line":4,"column":24}},"4":{"start":{"line":6,"column":2},"end":{"line":6,"column":69}},"5":{"start":{"line":6,"column":58},"end":{"line":6,"column":69}},"6":{"start":{"line":8,"column":2},"end":{"line":8,"column":37}}},"branchMap":{"1":{"line":6,"type":"if","locations":[{"start":{"line":6,"column":2},"end":{"line":6,"column":2}},{"start":{"line":6,"column":2},"end":{"line":6,"column":2}}]},"2":{"line":6,"type":"binary-expr","locations":[{"start":{"line":6,"column":6},"end":{"line":6,"column":22}},{"start":{"line":6,"column":26},"end":{"line":6,"column":56}}]}},"code":["var makeString = require('./helper/makeString');","","module.exports = function(str, callback) {","  str = makeString(str);","","  if (str.length === 0 || typeof callback !== 'function') return str;","","  return str.replace(/./g, callback);","};",""],"l":{"1":1,"3":1,"4":0,"6":0,"8":0}},"/home/travis/build/npmtest/node-npmtest-underscore.string/node_modules/underscore.string/meteor-post.js":{"path":"/home/travis/build/npmtest/node-npmtest-underscore.string/node_modules/underscore.string/meteor-post.js","s":{"1":1},"b":{},"f":{},"fnMap":{},"statementMap":{"1":{"start":{"line":2,"column":0},"end":{"line":2,"column":19}}},"branchMap":{},"code":["// s will be picked up by Meteor and exported","s = module.exports;",""],"l":{"2":1}},"/home/travis/build/npmtest/node-npmtest-underscore.string/node_modules/underscore.string/meteor-pre.js":{"path":"/home/travis/build/npmtest/node-npmtest-underscore.string/node_modules/underscore.string/meteor-pre.js","s":{"1":1,"2":1},"b":{},"f":{},"fnMap":{},"statementMap":{"1":{"start":{"line":3,"column":0},"end":{"line":3,"column":12}},"2":{"start":{"line":6,"column":0},"end":{"line":6,"column":13}}},"branchMap":{},"code":["// Defining this will trick dist/underscore.string.js into putting its exports into module.exports","// Credit to Tim Heckel for this trick - see https://github.com/TimHeckel/meteor-underscore-string","module = {};","","// This also needed, otherwise above doesn't work???","exports = {};",""],"l":{"3":1,"6":1}},"/home/travis/build/npmtest/node-npmtest-underscore.string/node_modules/underscore.string/package.js":{"path":"/home/travis/build/npmtest/node-npmtest-underscore.string/node_modules/underscore.string/package.js","s":{"1":2,"2":0,"3":0,"4":0,"5":0},"b":{},"f":{"1":0},"fnMap":{"1":{"name":"(anonymous_1)","line":12,"loc":{"start":{"line":12,"column":14},"end":{"line":12,"column":29}}}},"statementMap":{"1":{"start":{"line":3,"column":0},"end":{"line":9,"column":3}},"2":{"start":{"line":12,"column":0},"end":{"line":16,"column":3}},"3":{"start":{"line":13,"column":2},"end":{"line":13,"column":33}},"4":{"start":{"line":14,"column":2},"end":{"line":14,"column":79}},"5":{"start":{"line":15,"column":2},"end":{"line":15,"column":18}}},"branchMap":{},"code":["// package metadata file for Meteor.js","","Package.describe({","  name: 'underscorestring:underscore.string',","  summary: 'underscore.string (official): String manipulation extensions for Underscore.js javascript library.',","  version: '3.3.4',","  git: 'https://github.com/epeli/underscore.string.git',","  documentation: 'README.markdown'","});","","","Package.onUse(function (api) {","  api.versionsFrom('METEOR@1.0');","  api.addFiles(['meteor-pre.js','dist/underscore.string.js','meteor-post.js']);","  api.export(\"s\");","});",""],"l":{"3":2,"12":0,"13":0,"14":0,"15":0}}}